#
# There is insufficient memory for the Java Runtime Environment to continue.
# Native memory allocation (mmap) failed to map 65536 bytes. Error detail: Failed to commit metaspace.
# Possible reasons:
#   The system is out of physical RAM or swap space
#   This process is running with CompressedOops enabled, and the Java Heap may be blocking the growth of the native heap
# Possible solutions:
#   Reduce memory load on the system
#   Increase physical memory or swap space
#   Check if swap backing store is full
#   Decrease Java heap size (-Xmx/-Xms)
#   Decrease number of Java threads
#   Decrease Java thread stack sizes (-Xss)
#   Set larger code cache with -XX:ReservedCodeCacheSize=
#   JVM is running with Unscaled Compressed Oops mode in which the Java heap is
#     placed in the first 4GB address space. The Java Heap base address is the
#     maximum limit for the native heap growth. Please use -XX:HeapBaseMinAddress
#     to set the Java Heap base and to place the Java Heap above 4GB virtual address.
# This output file may be truncated or incomplete.
#
#  Out of Memory Error (virtualSpaceNode.cpp:110), pid=41136, tid=27528
#
# JRE version: OpenJDK Runtime Environment Microsoft-11369865 (17.0.15+6) (build 17.0.15+6-LTS)
# Java VM: OpenJDK 64-Bit Server VM Microsoft-11369865 (17.0.15+6-LTS, mixed mode, emulated-client, sharing, tiered, compressed oops, compressed class ptrs, g1 gc, windows-amd64)
# No core dump will be written. Minidumps are not enabled by default on client versions of Windows
#

---------------  S U M M A R Y ------------

Command Line: -XX:TieredStopAtLevel=1 -Dspring.output.ansi.enabled=always -Dcom.sun.management.jmxremote -Dspring.jmx.enabled=true -Dspring.liveBeansView.mbeanDomain -Dspring.application.admin.enabled=true -Dmanagement.endpoints.jmx.exposure.include=* -javaagent:C:\Program Files\JetBrains\IntelliJ IDEA 2022.3.2\lib\idea_rt.jar=65227 -Dfile.encoding=UTF-8 hpbao.WellnessPlatformApplication

Host: 11th Gen Intel(R) Core(TM) i7-1165G7 @ 2.80GHz, 8 cores, 7G,  Windows 11 , 64 bit Build 22621 (10.0.22621.5124)
Time: Fri May 16 00:21:57 2025  Windows 11 , 64 bit Build 22621 (10.0.22621.5124) elapsed time: 1.546641 seconds (0d 0h 0m 1s)

---------------  T H R E A D  ---------------

Current thread (0x000001da62716540):  JavaThread "background-preinit" [_thread_in_vm, id=27528, stack(0x000000265bc00000,0x000000265bd00000)]

Stack: [0x000000265bc00000,0x000000265bd00000]
Native frames: (J=compiled Java code, j=interpreted, Vv=VM code, C=native code)
V  [jvm.dll+0x6887a9]
V  [jvm.dll+0x83f5a8]
V  [jvm.dll+0x841053]
V  [jvm.dll+0x8416c3]
V  [jvm.dll+0x2496ef]
V  [jvm.dll+0x83b35d]
V  [jvm.dll+0x62cb0e]
V  [jvm.dll+0x1c1720]
V  [jvm.dll+0x62f470]
V  [jvm.dll+0x62d4b6]
V  [jvm.dll+0x23e8f0]
V  [jvm.dll+0x1ebeab]
V  [jvm.dll+0x1e19f1]
V  [jvm.dll+0x54bd14]
V  [jvm.dll+0x7b94d8]
V  [jvm.dll+0x7b95c4]
V  [jvm.dll+0x418223]
V  [jvm.dll+0x41ed19]
C  [java.dll+0x17ec]

Java frames: (J=compiled Java code, j=interpreted, Vv=VM code)
J 1111  java.lang.ClassLoader.defineClass1(Ljava/lang/ClassLoader;Ljava/lang/String;[BIILjava/security/ProtectionDomain;Ljava/lang/String;)Ljava/lang/Class; java.base@17.0.15 (0 bytes) @ 0x000001da536b6ee3 [0x000001da536b6e20+0x00000000000000c3]
J 1241 c1 java.lang.ClassLoader.defineClass(Ljava/lang/String;[BIILjava/security/ProtectionDomain;)Ljava/lang/Class; java.base@17.0.15 (43 bytes) @ 0x000001da536e975c [0x000001da536e9660+0x00000000000000fc]
J 1242 c1 jdk.internal.loader.BuiltinClassLoader.defineClass(Ljava/lang/String;Ljdk/internal/loader/Resource;)Ljava/lang/Class; java.base@17.0.15 (121 bytes) @ 0x000001da536ebd64 [0x000001da536eb8a0+0x00000000000004c4]
J 1238 c1 jdk.internal.loader.BuiltinClassLoader.findClassOnClassPathOrNull(Ljava/lang/String;)Ljava/lang/Class; java.base@17.0.15 (64 bytes) @ 0x000001da536ea2dc [0x000001da536ea020+0x00000000000002bc]
J 975 c1 jdk.internal.loader.BuiltinClassLoader.loadClassOrNull(Ljava/lang/String;Z)Ljava/lang/Class; java.base@17.0.15 (143 bytes) @ 0x000001da5367e014 [0x000001da5367dba0+0x0000000000000474]
J 1137 c1 jdk.internal.loader.ClassLoaders$AppClassLoader.loadClass(Ljava/lang/String;Z)Ljava/lang/Class; java.base@17.0.15 (40 bytes) @ 0x000001da536c1824 [0x000001da536c16e0+0x0000000000000144]
J 1132 c1 java.lang.ClassLoader.loadClass(Ljava/lang/String;)Ljava/lang/Class; java.base@17.0.15 (7 bytes) @ 0x000001da536c0664 [0x000001da536c0620+0x0000000000000044]
v  ~StubRoutines::call_stub
j  org.hibernate.validator.internal.engine.AbstractConfigurationImpl.loadValueExtractorsFromServiceLoader()V+23
j  org.hibernate.validator.internal.engine.AbstractConfigurationImpl.buildValidatorFactory()Ljakarta/validation/ValidatorFactory;+1
j  org.springframework.boot.autoconfigure.BackgroundPreinitializer$ValidationInitializer.run()V+10
j  org.springframework.boot.autoconfigure.BackgroundPreinitializer$1.runSafely(Ljava/lang/Runnable;)Z+1
j  org.springframework.boot.autoconfigure.BackgroundPreinitializer$1.run()V+20

j  java.lang.Thread.run()V+11 java.base@17.0.15
v  ~StubRoutines::call_stub

Compiled method (n/a)    1588 1111     n 0       java.lang.ClassLoader::defineClass1 (native)
 total in heap  [0x000001da536b6c90,0x000001da536b7170] = 1248
 relocation     [0x000001da536b6de8,0x000001da536b6e20] = 56
 main code      [0x000001da536b6e20,0x000001da536b7170] = 848

[Constant Pool (empty)]

[MachCode]
[Entry Point]
  # {method} {0x000001da00010f28} 'defineClass1' '(Ljava/lang/ClassLoader;Ljava/lang/String;[BIILjava/security/ProtectionDomain;Ljava/lang/String;)Ljava/lang/Class;' in 'java/lang/ClassLoader'
  # parm0:    rdx:rdx   = 'java/lang/ClassLoader'
  # parm1:    r8:r8     = 'java/lang/String'
  # parm2:    r9:r9     = '[B'
  # parm3:    rdi       = int
  # parm4:    rsi       = int
  # parm5:    rcx:rcx   = 'java/security/ProtectionDomain'
  # parm6:    [sp+0xa0]   = 'java/lang/String'  (sp of caller)
  0x000001da536b6e20: 448b 5208 | 49bb 0000 | 0000 da01 | 0000 4d03 | d349 3bc2 | 0f84 0600 

  0x000001da536b6e38: ;   {runtime_call ic_miss_stub}
  0x000001da536b6e38: 0000 e941 | a7c0 ff90 
[Verified Entry Point]
  0x000001da536b6e40: 8984 2400 | 90ff ff55 | 488b ec48 | 81ec 9000 | 0000 4881 | 7d10 0000 | 0000 488d | 4510 480f 
  0x000001da536b6e60: 4445 1048 | 8944 2440 | 4889 4c24 | 7048 83f9 | 0048 8d44 | 2470 480f | 4444 2470 | 4889 4424 
  0x000001da536b6e80: 3848 8974 | 2430 4889 | 7c24 284c | 894c 2458 | 4983 f900 | 488d 4424 | 5848 0f44 | 4424 5848 
  0x000001da536b6ea0: 8944 2420 | 4c89 4424 | 5049 83f8 | 004c 8d4c | 2450 4c0f | 444c 2450 | 4889 5424 | 4848 83fa 
  0x000001da536b6ec0: 004c 8d44 | 2448 4c0f | 4444 2448 

  0x000001da536b6ecc: ;   {oop(a 'java/lang/Class'{0x000000008a47d168} = 'java/lang/ClassLoader')}
  0x000001da536b6ecc: 49be 68d1 | 478a 0000 | 0000 4c89 | 7424 784c | 8d74 2478 | 498b d6c5 

  0x000001da536b6ee4: ;   {internal_word}
  0x000001da536b6ee4: f877 49ba | e36e 6b53 | da01 0000 | 4d89 97a0 | 0200 0049 | 89a7 9802 

  0x000001da536b6efc: ;   {external_word}
  0x000001da536b6efc: 0000 49ba | ad37 6ea5 | fc7f 0000 | 4180 3a00 | 0f84 5200 | 0000 5241 

  0x000001da536b6f14: ;   {metadata({method} {0x000001da00010f28} 'defineClass1' '(Ljava/lang/ClassLoader;Ljava/lang/String;[BIILjava/security/ProtectionDomain;Ljava/lang/String;)Ljava/lang/Class;' in 'java/lang/ClassLoader')}
  0x000001da536b6f14: 5041 5148 | ba20 0f01 | 00da 0100 | 0049 8bcf | 4883 ec20 | f7c4 0f00 | 0000 0f84 | 1a00 0000 
  0x000001da536b6f34: 4883 ec08 

  0x000001da536b6f38: ;   {runtime_call}
  0x000001da536b6f38: 49ba 90e9 | 23a5 fc7f | 0000 41ff | d248 83c4 | 08e9 0d00 

  0x000001da536b6f4c: ;   {runtime_call}
  0x000001da536b6f4c: 0000 49ba | 90e9 23a5 | fc7f 0000 | 41ff d248 | 83c4 2041 | 5941 585a | 498d 8fb8 | 0200 0041 
  0x000001da536b6f6c: c787 4003 | 0000 0400 

  0x000001da536b6f74: ;   {runtime_call}
  0x000001da536b6f74: 0000 49ba | ac16 9e01 | fd7f 0000 | 41ff d2c5 | f877 41c7 | 8740 0300 | 0005 0000 | 00f0 8344 
  0x000001da536b6f94: 24c0 0049 | 3baf 4803 | 0000 0f87 | 1100 0000 | 4181 bf30 | 0300 0000 | 0000 000f | 842c 0000 
  0x000001da536b6fb4: 00c5 f877 | 4889 45f8 | 498b cf4c | 8be4 4883 | ec20 4883 

  0x000001da536b6fc8: ;   {runtime_call}
  0x000001da536b6fc8: e4f0 49ba | 90f7 33a5 | fc7f 0000 | 41ff d249 | 8be4 4d33 | e448 8b45 | f841 c787 | 4003 0000 
  0x000001da536b6fe8: 0800 0000 | 4181 bfb0 | 0300 0002 | 0000 000f | 843f 0100 

  0x000001da536b6ffc: ;   {external_word}
  0x000001da536b6ffc: 0049 baad | 376e a5fc | 7f00 0041 | 803a 000f | 8450 0000 | 0048 8945 

  0x000001da536b7014: ;   {metadata({method} {0x000001da00010f28} 'defineClass1' '(Ljava/lang/ClassLoader;Ljava/lang/String;[BIILjava/security/ProtectionDomain;Ljava/lang/String;)Ljava/lang/Class;' in 'java/lang/ClassLoader')}
  0x000001da536b7014: f848 ba20 | 0f01 00da | 0100 0049 | 8bcf 4883 | ec20 f7c4 | 0f00 0000 | 0f84 1a00 | 0000 4883 
  0x000001da536b7034: ;   {runtime_call}
  0x000001da536b7034: ec08 49ba | 90e9 23a5 | fc7f 0000 | 41ff d248 | 83c4 08e9 | 0d00 0000 

  0x000001da536b704c: ;   {runtime_call}
  0x000001da536b704c: 49ba 90e9 | 23a5 fc7f | 0000 41ff | d248 83c4 | 2048 8b45 | f849 c787 | 9802 0000 | 0000 0000 
  0x000001da536b706c: 49c7 87a0 | 0200 0000 | 0000 00c5 | f877 4885 | c00f 8493 | 0000 0048 | f7c0 0100 | 0000 0f84 
  0x000001da536b708c: 8300 0000 | 488b 40ff | 4180 7f38 | 000f 846f | 0000 0048 | 83f8 000f | 8465 0000 | 0049 8b4f 
  0x000001da536b70ac: 2048 83f9 | 000f 8414 | 0000 0048 | 83e9 0849 | 894f 2049 | 034f 3048 | 8901 e943 | 0000 0050 
  0x000001da536b70cc: 498b d748 | 8bc8 4883 | ec20 f7c4 | 0f00 0000 | 0f84 1a00 | 0000 4883 

  0x000001da536b70e4: ;   {runtime_call}
  0x000001da536b70e4: ec08 49ba | a08b e2a4 | fc7f 0000 | 41ff d248 | 83c4 08e9 | 0d00 0000 

  0x000001da536b70fc: ;   {runtime_call}
  0x000001da536b70fc: 49ba a08b | e2a4 fc7f | 0000 41ff | d248 83c4 | 2058 e903 | 0000 0048 | 8b00 498b | 8fd8 0000 
  0x000001da536b711c: 00c7 8100 | 0100 0000 | 0000 00c9 | 4981 7f08 | 0000 0000 | 0f85 0100 

  0x000001da536b7134: ;   {runtime_call StubRoutines (1)}
  0x000001da536b7134: 0000 c3e9 | c49d bbff | c5f8 7748 | 8945 f84c | 8be4 4883 | ec20 4883 

  0x000001da536b714c: ;   {runtime_call}
  0x000001da536b714c: e4f0 49ba | a01a 24a5 | fc7f 0000 | 41ff d249 | 8be4 4d33 | e448 8b45 | f8e9 93fe | ffff f4f4 
  0x000001da536b716c: f4f4 f4f4 
[/MachCode]


Compiled method (c1)    1609 1241       1       java.lang.ClassLoader::defineClass (43 bytes)
 total in heap  [0x000001da536e9490,0x000001da536e9a30] = 1440
 relocation     [0x000001da536e95e8,0x000001da536e9648] = 96
 main code      [0x000001da536e9660,0x000001da536e9800] = 416
 stub code      [0x000001da536e9800,0x000001da536e9878] = 120
 metadata       [0x000001da536e9878,0x000001da536e98a8] = 48
 scopes data    [0x000001da536e98a8,0x000001da536e9960] = 184
 scopes pcs     [0x000001da536e9960,0x000001da536e9a00] = 160
 dependencies   [0x000001da536e9a00,0x000001da536e9a08] = 8
 nul chk table  [0x000001da536e9a08,0x000001da536e9a30] = 40

[Constant Pool (empty)]

[MachCode]
[Entry Point]
  # {method} {0x000001da00010cc0} 'defineClass' '(Ljava/lang/String;[BIILjava/security/ProtectionDomain;)Ljava/lang/Class;' in 'java/lang/ClassLoader'
  # this:     rdx:rdx   = 'java/lang/ClassLoader'
  # parm0:    r8:r8     = 'java/lang/String'
  # parm1:    r9:r9     = '[B'
  # parm2:    rdi       = int
  # parm3:    rsi       = int
  # parm4:    rcx:rcx   = 'java/security/ProtectionDomain'
  #           [sp+0xc0]  (sp of caller)
  0x000001da536e9660: 448b 5208 | 49bb 0000 | 0000 da01 | 0000 4d03 | d34c 3bd0 

  0x000001da536e9674: ;   {runtime_call ic_miss_stub}
  0x000001da536e9674: 0f85 067f | bdff 660f | 1f44 0000 
[Verified Entry Point]
  0x000001da536e9680: 8984 2400 | 90ff ff55 | 4881 ecb0 | 0000 0048 | 8954 2478 | 89b4 2494 | 0000 0089 | bc24 9000 
  0x000001da536e96a0: 0000 4c89 | 8c24 8800 | 0000 498b | d84c 8bc3 | 4c8b c948 | 8bca 488b | d148 899c | 2480 0000 
  0x000001da536e96c0: 0066 0f1f 

  0x000001da536e96c4: ;   {optimized virtual_call}
  0x000001da536e96c4: 4400 00e8 

  0x000001da536e96c8: ; ImmutableOopMap {[120]=Oop [136]=Oop [128]=Oop }
                      ;*invokevirtual preDefineClass {reexecute=0 rethrow=0 return_oop=0}
                      ; - java.lang.ClassLoader::defineClass@4 (line 1015)
  0x000001da536e96c8: 74e7 ffff | 4889 8424 | 9800 0000 

  0x000001da536e96d4: ; implicit exception: dispatches to 0x000001da536e979a
  0x000001da536e96d4: 448b 4010 | 4983 f800 | 0f85 0f00 

  0x000001da536e96e0: ;   {oop(NULL)}
  0x000001da536e96e0: 0000 48bb | 0000 0000 | 0000 0000 | e936 0000 | 0045 8b40 | 0c49 83f8 | 000f 850f 

  0x000001da536e96fc: ;   {oop(NULL)}
  0x000001da536e96fc: 0000 0048 | bb00 0000 | 0000 0000 | 00e9 1900 | 0000 418b | 5038 483b 

  0x000001da536e9714: ;   {optimized virtual_call}
  0x000001da536e9714: 0266 90e8 

  0x000001da536e9718: ; ImmutableOopMap {[120]=Oop [136]=Oop [128]=Oop [152]=Oop }
                      ;*invokevirtual toExternalForm {reexecute=0 rethrow=0 return_oop=0}
                      ; - java.net.URL::toExternalForm@5 (line 1039)
                      ; - java.net.URL::toString@1 (line 1025)
                      ; - java.lang.ClassLoader::defineClassSourceLocation@22 (line 917)
                      ; - java.lang.ClassLoader::defineClass@12 (line 1016)
  0x000001da536e9718: 8468 feff | 488b d848 | 8b84 2498 | 0000 008b | b424 9400 | 0000 8bbc | 2490 0000 | 004c 8b8c 
  0x000001da536e9738: 2488 0000 | 004c 8b84 | 2480 0000 | 0048 8b54 | 2478 4c8b | da49 8bd3 | 488b c848 

  0x000001da536e9754: ;   {static_call}
  0x000001da536e9754: 891c 24e8 

  0x000001da536e9758: ; ImmutableOopMap {[152]=Oop [120]=Oop }
                      ;*invokestatic defineClass1 {reexecute=0 rethrow=0 return_oop=0}
                      ; - java.lang.ClassLoader::defineClass@27 (line 1017)
  0x000001da536e9758: e4d6 fcff | 4c8b c04c | 8b8c 2498 | 0000 0048 | 8b54 2478 | 4889 8424 | a000 0000 

  0x000001da536e9774: ;   {optimized virtual_call}
  0x000001da536e9774: 6666 90e8 

  0x000001da536e9778: ; ImmutableOopMap {[160]=Oop }
                      ;*invokevirtual postDefineClass {reexecute=0 rethrow=0 return_oop=0}
                      ; - java.lang.ClassLoader::defineClass@37 (line 1018)
  0x000001da536e9778: 84cf ffff | 488b 8424 | a000 0000 | 4881 c4b0 | 0000 005d 

  0x000001da536e978c: ;   {poll_return}
  0x000001da536e978c: 493b a748 | 0300 000f | 8715 0000 

  0x000001da536e9798: ;   {runtime_call throw_null_pointer_exception Runtime1 stub}
  0x000001da536e9798: 00c3 e881 

  0x000001da536e979c: ; ImmutableOopMap {[120]=Oop [136]=Oop [128]=Oop rax=Oop [152]=Oop }
                      ;*invokevirtual getCodeSource {reexecute=0 rethrow=0 return_oop=0}
                      ; - java.lang.ClassLoader::defineClassSourceLocation@1 (line 914)
                      ; - java.lang.ClassLoader::defineClass@12 (line 1016)
                      ;   {runtime_call throw_null_pointer_exception Runtime1 stub}
  0x000001da536e979c: bcc7 ffe8 

  0x000001da536e97a0: ; ImmutableOopMap {[120]=Oop [136]=Oop [128]=Oop rax=Oop [152]=Oop }
                      ;*invokevirtual getLocation {reexecute=0 rethrow=0 return_oop=0}
                      ; - java.lang.ClassLoader::defineClassSourceLocation@12 (line 916)
                      ; - java.lang.ClassLoader::defineClass@12 (line 1016)
  0x000001da536e97a0: 7cbc c7ff 

  0x000001da536e97a4: ;   {runtime_call throw_null_pointer_exception Runtime1 stub}
  0x000001da536e97a4: e877 bcc7 

  0x000001da536e97a8: ; ImmutableOopMap {[120]=Oop [136]=Oop [128]=Oop [152]=Oop r8=Oop }
                      ;*invokevirtual toString {reexecute=0 rethrow=0 return_oop=0}
                      ; - java.lang.ClassLoader::defineClassSourceLocation@22 (line 917)
                      ; - java.lang.ClassLoader::defineClass@12 (line 1016)
                      ;   {runtime_call throw_null_pointer_exception Runtime1 stub}
  0x000001da536e97a8: ffe8 72bc 

  0x000001da536e97ac: ; ImmutableOopMap {[120]=Oop [136]=Oop [128]=Oop [152]=Oop r8=Oop rdx=Oop }
                      ;*invokevirtual toExternalForm {reexecute=0 rethrow=0 return_oop=0}
                      ; - java.net.URL::toExternalForm@5 (line 1039)
                      ; - java.net.URL::toString@1 (line 1025)
                      ; - java.lang.ClassLoader::defineClassSourceLocation@22 (line 917)
                      ; - java.lang.ClassLoader::defineClass@12 (line 1016)
                      ;   {internal_word}
  0x000001da536e97ac: c7ff 49ba | 8c97 6e53 | da01 0000 | 4d89 9760 

  0x000001da536e97bc: ;   {runtime_call SafepointBlob}
  0x000001da536e97bc: 0300 00e9 | bcf7 bdff | 9090 498b | 87d8 0300 | 0049 c787 | d803 0000 | 0000 0000 | 49c7 87e0 
  0x000001da536e97dc: 0300 0000 | 0000 0048 | 81c4 b000 

  0x000001da536e97e8: ;   {runtime_call unwind_exception Runtime1 stub}
  0x000001da536e97e8: 0000 5de9 | 10ad c7ff | f4f4 f4f4 | f4f4 f4f4 | f4f4 f4f4 | f4f4 f4f4 
[Stub Code]
  0x000001da536e9800: ;   {no_reloc}
  0x000001da536e9800: 0f1f 4400 

  0x000001da536e9804: ;   {static_stub}
  0x000001da536e9804: 0048 bb00 | 0000 0000 

  0x000001da536e980c: ;   {runtime_call}
  0x000001da536e980c: 0000 00e9 | fbff ffff 

  0x000001da536e9814: ;   {static_stub}
  0x000001da536e9814: 9048 bb00 | 0000 0000 

  0x000001da536e981c: ;   {runtime_call}
  0x000001da536e981c: 0000 00e9 | fbff ffff 

  0x000001da536e9824: ;   {static_stub}
  0x000001da536e9824: 9048 bb00 | 0000 0000 

  0x000001da536e982c: ;   {runtime_call}
  0x000001da536e982c: 0000 00e9 | fbff ffff 

  0x000001da536e9834: ;   {static_stub}
  0x000001da536e9834: 9048 bb00 | 0000 0000 

  0x000001da536e983c: ;   {runtime_call}
  0x000001da536e983c: 0000 00e9 | fbff ffff 
[Exception Handler]
  0x000001da536e9844: ;   {runtime_call handle_exception_from_callee Runtime1 stub}
  0x000001da536e9844: e8b7 e1c7 

  0x000001da536e9848: ;   {external_word}
  0x000001da536e9848: ff48 b920 | 4a48 a5fc | 7f00 0048 

  0x000001da536e9854: ;   {runtime_call}
  0x000001da536e9854: 83e4 f049 | baf0 cf10 | a5fc 7f00 | 0041 ffd2 

  0x000001da536e9864: ;   {section_word}
  0x000001da536e9864: f449 ba65 | 986e 53da | 0100 0041 

  0x000001da536e9870: ;   {runtime_call DeoptimizationBlob}
  0x000001da536e9870: 52e9 aa0b | beff f4f4 
[/MachCode]


Compiled method (c1)    1629 1242       1       jdk.internal.loader.BuiltinClassLoader::defineClass (121 bytes)
 total in heap  [0x000001da536eb610,0x000001da536ec488] = 3704
 relocation     [0x000001da536eb768,0x000001da536eb898] = 304
 main code      [0x000001da536eb8a0,0x000001da536ebec0] = 1568
 stub code      [0x000001da536ebec0,0x000001da536ec008] = 328
 metadata       [0x000001da536ec008,0x000001da536ec050] = 72
 scopes data    [0x000001da536ec050,0x000001da536ec2a8] = 600
 scopes pcs     [0x000001da536ec2a8,0x000001da536ec448] = 416
 dependencies   [0x000001da536ec448,0x000001da536ec450] = 8
 handler table  [0x000001da536ec450,0x000001da536ec468] = 24
 nul chk table  [0x000001da536ec468,0x000001da536ec488] = 32

[Constant Pool (empty)]

[MachCode]
[Entry Point]
  # {method} {0x000001da00436670} 'defineClass' '(Ljava/lang/String;Ljdk/internal/loader/Resource;)Ljava/lang/Class;' in 'jdk/internal/loader/BuiltinClassLoader'
  # this:     rdx:rdx   = 'jdk/internal/loader/BuiltinClassLoader'
  # parm0:    r8:r8     = 'java/lang/String'
  # parm1:    r9:r9     = 'jdk/internal/loader/Resource'
  #           [sp+0x110]  (sp of caller)
  0x000001da536eb8a0: 448b 5208 | 49bb 0000 | 0000 da01 | 0000 4d03 | d34c 3bd0 

  0x000001da536eb8b4: ;   {runtime_call ic_miss_stub}
  0x000001da536eb8b4: 0f85 c65c | bdff 660f | 1f44 0000 
[Verified Entry Point]
  0x000001da536eb8c0: 8984 2400 | 90ff ff55 | 4881 ec00 | 0100 0048 | 8994 24a0 | 0000 004c | 8984 2490 | 0000 004c 
  0x000001da536eb8e0: 898c 2498 | 0000 0049 | 8bd1 6666 | 9048 b818 | 4e19 00da 

  0x000001da536eb8f4: ;   {virtual_call}
  0x000001da536eb8f4: 0100 00e8 

  0x000001da536eb8f8: ; ImmutableOopMap {[152]=Oop [160]=Oop [144]=Oop }
                      ;*invokevirtual getCodeSourceURL {reexecute=0 rethrow=0 return_oop=0}
                      ; - jdk.internal.loader.BuiltinClassLoader::defineClass@1 (line 842)
  0x000001da536eb8f8: 2445 0000 | 4889 8424 | a800 0000 | 4c8b 8424 | 9000 0000 

  0x000001da536eb90c: ; implicit exception: dispatches to 0x000001da536ebdc3
  0x000001da536eb90c: 418b 7014 

  0x000001da536eb910: ; implicit exception: dispatches to 0x000001da536ebdc8
  0x000001da536eb910: 8b56 0c45 | 0fbe 4810 | 498b c9c1 | e118 c1f9 | 18d3 fa48 | 8bfa ffcf | 4183 f900 | ba00 0000 
  0x000001da536eb930: 000f 8505 | 0000 00ba | 0100 0000 | 83e2 0183 | fa00 488b | d641 b82e | 0000 004c | 8bcf 0f84 
  0x000001da536eb950: 0d00 0000 

  0x000001da536eb954: ;   {static_call}
  0x000001da536eb954: 6666 90e8 

  0x000001da536eb958: ; ImmutableOopMap {[152]=Oop [160]=Oop [168]=Oop [144]=Oop }
                      ;*invokestatic lastIndexOf {reexecute=0 rethrow=0 return_oop=0}
                      ; - java.lang.String::lastIndexOf@13 (line 2489)
                      ; - java.lang.String::lastIndexOf@8 (line 2451)
                      ; - jdk.internal.loader.BuiltinClassLoader::defineClass@8 (line 845)
  0x000001da536eb958: 4470 e6ff | e90b 0000 | 0066 0f1f 

  0x000001da536eb964: ;   {static_call}
  0x000001da536eb964: 4400 00e8 

  0x000001da536eb968: ; ImmutableOopMap {[152]=Oop [160]=Oop [168]=Oop [144]=Oop }
                      ;*invokestatic lastIndexOf {reexecute=0 rethrow=0 return_oop=0}
                      ; - java.lang.String::lastIndexOf@25 (line 2490)
                      ; - java.lang.String::lastIndexOf@8 (line 2451)
                      ; - jdk.internal.loader.BuiltinClassLoader::defineClass@8 (line 845)
  0x000001da536eb968: 946c bdff | 83f8 ff0f | 8467 0000 | 0041 b800 | 0000 004c | 8bc8 488b | 9424 9000 

  0x000001da536eb984: ;   {optimized virtual_call}
  0x000001da536eb984: 0000 90e8 

  0x000001da536eb988: ; ImmutableOopMap {[152]=Oop [160]=Oop [168]=Oop [144]=Oop }
                      ;*invokevirtual substring {reexecute=0 rethrow=0 return_oop=0}
                      ; - jdk.internal.loader.BuiltinClassLoader::defineClass@23 (line 847)
  0x000001da536eb988: 7437 e6ff | 488b 9424 | 9800 0000 | 4889 8424 | b000 0000 | 9048 b818 | 4e19 00da 

  0x000001da536eb9a4: ;   {virtual_call}
  0x000001da536eb9a4: 0100 00e8 

  0x000001da536eb9a8: ; ImmutableOopMap {[152]=Oop [160]=Oop [168]=Oop [144]=Oop [176]=Oop }
                      ;*invokevirtual getManifest {reexecute=0 rethrow=0 return_oop=0}
                      ; - jdk.internal.loader.BuiltinClassLoader::defineClass@29 (line 848)
  0x000001da536eb9a8: d451 0000 | 4c8b 8424 | b000 0000 | 4c8b c848 | 8bbc 24a8 | 0000 0048 | 8b94 24a0 | 0000 0066 
  0x000001da536eb9c8: 0f1f 4400 | 0048 b888 | b707 00da 

  0x000001da536eb9d4: ;   {virtual_call}
  0x000001da536eb9d4: 0100 00e8 

  0x000001da536eb9d8: ; ImmutableOopMap {[152]=Oop [160]=Oop [168]=Oop [144]=Oop }
                      ;*invokevirtual defineOrCheckPackage {reexecute=0 rethrow=0 return_oop=0}
                      ; - jdk.internal.loader.BuiltinClassLoader::defineClass@40 (line 849)
  0x000001da536eb9d8: 44e2 ffff | 4c8b 8c24 | 9800 0000 | 488d 9424 | e000 0000 | 4c89 4a08 | 498b 0148 | 83c8 0148 
  0x000001da536eb9f8: 8902 f049 | 0fb1 110f | 8413 0000 | 0048 2bc4 | 4881 e007 | f0ff ff48 | 8902 0f85 | b503 0000 
  0x000001da536eba18: 418b 510c | 4883 fa00 | 0f85 4700 | 0000 498b | d10f 1f40 | 0048 b818 | 4e19 00da 

  0x000001da536eba34: ;   {virtual_call}
  0x000001da536eba34: 0100 00e8 

  0x000001da536eba38: ; ImmutableOopMap {[160]=Oop [168]=Oop [144]=Oop [152]=Oop [232]=Oop }
                      ;*invokevirtual getInputStream {reexecute=0 rethrow=0 return_oop=0}
                      ; - jdk.internal.loader.Resource::cachedInputStream@9 (line 77)
                      ; - jdk.internal.loader.Resource::getByteBuffer@1 (line 163)
                      ; - jdk.internal.loader.BuiltinClassLoader::defineClass@45 (line 853)
  0x000001da536eba38: e457 0000 | 410f be57 | 3883 fa00 | 4c8b 8c24 | 9800 0000 | 0f85 8e03 | 0000 4c8b | d045 8951 
  0x000001da536eba58: 0c49 8bd1 | 4833 d048 | c1ea 1448 | 83fa 000f | 858f 0300 | 0041 8b51 | 0c48 8d84 | 24e0 0000 
  0x000001da536eba78: 0048 8b30 | 4885 f60f | 840f 0000 | 0048 8b78 | 08f0 480f | b137 0f85 | 8003 0000 | 4883 fa00 
  0x000001da536eba98: 0f84 4400 

  0x000001da536eba9c: ;   {metadata('sun/nio/ByteBuffered')}
  0x000001da536eba9c: 0000 48b8 | b0bc 0d00 | da01 0000 | 8b5a 0849 | ba00 0000 | 00da 0100 | 0049 03da | 483b 4320 
  0x000001da536ebabc: 0f84 2500 | 0000 483b | d80f 841c | 0000 0053 

  0x000001da536ebacc: ;   {runtime_call slow_subtype_check Runtime1 stub}
  0x000001da536ebacc: 50e8 2ecb | c7ff 5b5b | 83fb 000f | 8405 0000 | 00e9 0500 | 0000 4833 | f6eb 0a48 | be01 0000 
  0x000001da536ebaec: 0000 0000 | 0083 fe00 | 0f84 6700 | 0000 4883 | fa00 0f84 | 4400 0000 

  0x000001da536ebb04: ;   {metadata('sun/nio/ByteBuffered')}
  0x000001da536ebb04: 48bb b0bc | 0d00 da01 | 0000 8b7a | 0849 ba00 | 0000 00da | 0100 0049 | 03fa 483b | 5f20 0f84 
  0x000001da536ebb24: 2000 0000 | 483b fb0f | 8417 0000 

  0x000001da536ebb30: ;   {runtime_call slow_subtype_check Runtime1 stub}
  0x000001da536ebb30: 0057 53e8 | c8ca c7ff | 5f5f 83ff | 000f 84e7 | 0200 00e9 | 0000 0000 | 0f1f 4400 | 0048 b8ff 
  0x000001da536ebb50: ffff ffff 

  0x000001da536ebb54: ;   {virtual_call}
  0x000001da536ebb54: ffff ffe8 

  0x000001da536ebb58: ; ImmutableOopMap {[160]=Oop [168]=Oop [144]=Oop [152]=Oop }
                      ;*invokeinterface getByteBuffer {reexecute=0 rethrow=0 return_oop=0}
                      ; - jdk.internal.loader.Resource::getByteBuffer@16 (line 165)
                      ; - jdk.internal.loader.BuiltinClassLoader::defineClass@45 (line 853)
  0x000001da536ebb58: 2465 bdff | e90a 0000 

  0x000001da536ebb60: ;   {oop(NULL)}
  0x000001da536ebb60: 0048 b800 | 0000 0000 | 0000 0048 | 83f8 000f | 84e5 0000 | 0048 8984 | 24b8 0000 | 0048 8b94 
  0x000001da536ebb80: 2498 0000 | 0048 b8ff | ffff ffff 

  0x000001da536ebb8c: ;   {virtual_call}
  0x000001da536ebb8c: ffff ffe8 

  0x000001da536ebb90: ; ImmutableOopMap {[160]=Oop [168]=Oop [144]=Oop [184]=Oop }
                      ;*invokevirtual getCodeSigners {reexecute=0 rethrow=0 return_oop=0}
                      ; - jdk.internal.loader.BuiltinClassLoader::defineClass@56 (line 855)
  0x000001da536ebb90: ec64 bdff 

  0x000001da536ebb94: ;   {metadata('java/security/CodeSource')}
  0x000001da536ebb94: 4c8b c848 | bab0 ee00 | 00da 0100 | 0049 8b87 | 0801 0000 | 488d 7828 | 493b bf18 | 0100 000f 
  0x000001da536ebbb4: 877a 0200 | 0049 89bf | 0801 0000 | 48c7 0001 | 0000 0048 | 8bca 49ba | 0000 0000 | da01 0000 
  0x000001da536ebbd4: 492b ca89 | 4808 4833 | c989 480c | 4833 c948 | 8948 1048 | 8948 1848 | 8948 204c | 8b84 24a8 
  0x000001da536ebbf4: 0000 0048 | 8bd0 4889 | 8424 c000 | 0000 0f1f 

  0x000001da536ebc04: ;   {optimized virtual_call}
  0x000001da536ebc04: 4400 00e8 

  0x000001da536ebc08: ; ImmutableOopMap {[160]=Oop [144]=Oop [184]=Oop [192]=Oop }
                      ;*invokespecial <init> {reexecute=0 rethrow=0 return_oop=0}
                      ; - jdk.internal.loader.BuiltinClassLoader::defineClass@68 (line 856)
  0x000001da536ebc08: f45e bdff | 4c8b 8424 | c000 0000 | 488b 9424 | a000 0000 

  0x000001da536ebc1c: ;   {optimized virtual_call}
  0x000001da536ebc1c: 6666 90e8 

  0x000001da536ebc20: ; ImmutableOopMap {[160]=Oop [144]=Oop [184]=Oop }
                      ;*invokevirtual getProtectionDomain {reexecute=0 rethrow=0 return_oop=0}
                      ; - java.security.SecureClassLoader::defineClass@5 (line 182)
                      ; - jdk.internal.loader.BuiltinClassLoader::defineClass@79 (line 857)
  0x000001da536ebc20: dc5e bdff | 4c8b 8424 | 9000 0000 | 4c8b 8c24 | b800 0000 | 488b f848 | 8b94 24a0 

  0x000001da536ebc3c: ;   {optimized virtual_call}
  0x000001da536ebc3c: 0000 00e8 

  0x000001da536ebc40: ; ImmutableOopMap {}
                      ;*invokevirtual defineClass {reexecute=0 rethrow=0 return_oop=0}
                      ; - java.security.SecureClassLoader::defineClass@8 (line 182)
                      ; - jdk.internal.loader.BuiltinClassLoader::defineClass@79 (line 857)
  0x000001da536ebc40: bc5e bdff | 4881 c400 | 0100 005d 

  0x000001da536ebc4c: ;   {poll_return}
  0x000001da536ebc4c: 493b a748 | 0300 000f | 87e7 0100 | 00c3 4c8b | 8c24 9800 | 0000 498b | d148 b818 | 4e19 00da 
  0x000001da536ebc6c: ;   {virtual_call}
  0x000001da536ebc6c: 0100 00e8 

  0x000001da536ebc70: ; ImmutableOopMap {[160]=Oop [144]=Oop [152]=Oop [168]=Oop }
                      ;*invokevirtual getBytes {reexecute=0 rethrow=0 return_oop=0}
                      ; - jdk.internal.loader.BuiltinClassLoader::defineClass@84 (line 859)
  0x000001da536ebc70: 6c75 0000 | 4889 8424 | c800 0000 | 488b 9424 | 9800 0000 | 9048 b818 | 4e19 00da 

  0x000001da536ebc8c: ;   {virtual_call}
  0x000001da536ebc8c: 0100 00e8 

  0x000001da536ebc90: ; ImmutableOopMap {[160]=Oop [144]=Oop [168]=Oop [200]=Oop }
                      ;*invokevirtual getCodeSigners {reexecute=0 rethrow=0 return_oop=0}
                      ; - jdk.internal.loader.BuiltinClassLoader::defineClass@90 (line 860)
  0x000001da536ebc90: 0c69 0000 

  0x000001da536ebc94: ;   {metadata('java/security/CodeSource')}
  0x000001da536ebc94: 4c8b c848 | bab0 ee00 | 00da 0100 | 0049 8b87 | 0801 0000 | 488d 7828 | 493b bf18 | 0100 000f 
  0x000001da536ebcb4: 879d 0100 | 0049 89bf | 0801 0000 | 48c7 0001 | 0000 0048 | 8bca 49ba | 0000 0000 | da01 0000 
  0x000001da536ebcd4: 492b ca89 | 4808 4833 | c989 480c | 4833 c948 | 8948 1048 | 8948 1848 | 8948 204c | 8b84 24a8 
  0x000001da536ebcf4: 0000 0048 | 8bd0 4889 | 8424 d000 | 0000 0f1f 

  0x000001da536ebd04: ;   {optimized virtual_call}
  0x000001da536ebd04: 4400 00e8 

  0x000001da536ebd08: ; ImmutableOopMap {[160]=Oop [144]=Oop [200]=Oop [208]=Oop }
                      ;*invokespecial <init> {reexecute=0 rethrow=0 return_oop=0}
                      ; - jdk.internal.loader.BuiltinClassLoader::defineClass@102 (line 861)
  0x000001da536ebd08: f4cf ffff | 488b 8424 | c800 0000 

  0x000001da536ebd14: ; implicit exception: dispatches to 0x000001da536ebe63
  0x000001da536ebd14: 8b70 0c4c | 8b84 24d0 | 0000 0048 | 8b94 24a0 | 0000 0089 | b424 d800 

  0x000001da536ebd2c: ;   {optimized virtual_call}
  0x000001da536ebd2c: 0000 90e8 

  0x000001da536ebd30: ; ImmutableOopMap {[160]=Oop [144]=Oop [200]=Oop }
                      ;*invokevirtual getProtectionDomain {reexecute=0 rethrow=0 return_oop=0}
                      ; - java.security.SecureClassLoader::defineClass@9 (line 150)
                      ; - jdk.internal.loader.BuiltinClassLoader::defineClass@117 (line 862)
  0x000001da536ebd30: ac9b ffff | 4c8b 8424 | 9000 0000 | 4c8b 8c24 | c800 0000 | bf00 0000 | 008b b424 | d800 0000 
  0x000001da536ebd50: 488b c848 | 8b94 24a0 | 0000 000f 

  0x000001da536ebd5c: ;   {optimized virtual_call}
  0x000001da536ebd5c: 1f40 00e8 

  0x000001da536ebd60: ; ImmutableOopMap {}
                      ;*invokevirtual defineClass {reexecute=0 rethrow=0 return_oop=0}
                      ; - java.security.SecureClassLoader::defineClass@12 (line 150)
                      ; - jdk.internal.loader.BuiltinClassLoader::defineClass@117 (line 862)
  0x000001da536ebd60: 1cd9 ffff | 4881 c400 | 0100 005d 

  0x000001da536ebd6c: ;   {poll_return}
  0x000001da536ebd6c: 493b a748 | 0300 000f | 87ef 0000 | 00c3 498b | 87d8 0300 | 004d 33d2 | 4d89 97d8 | 0300 004d 
  0x000001da536ebd8c: 33d2 4d89 | 97e0 0300 | 0048 8bf0 | 488d 8424 | e000 0000 | 488b 3848 | 85ff 0f84 | 0f00 0000 
  0x000001da536ebdac: 488b 5808 | f048 0fb1 | 3b0f 85c3 | 0000 0048 | 8bc6 e9f0 

  0x000001da536ebdc0: ;   {runtime_call throw_null_pointer_exception Runtime1 stub}
  0x000001da536ebdc0: 0000 00e8 

  0x000001da536ebdc4: ; ImmutableOopMap {[152]=Oop [160]=Oop rax=Oop [168]=Oop r8=Oop [144]=Oop }
                      ;*invokevirtual lastIndexOf {reexecute=0 rethrow=0 return_oop=0}
                      ; - jdk.internal.loader.BuiltinClassLoader::defineClass@8 (line 845)
  0x000001da536ebdc4: 5896 c7ff 

  0x000001da536ebdc8: ;   {runtime_call throw_null_pointer_exception Runtime1 stub}
  0x000001da536ebdc8: e853 96c7 

  0x000001da536ebdcc: ; ImmutableOopMap {[152]=Oop [160]=Oop rax=Oop [168]=Oop r8=Oop [144]=Oop rsi=Oop }
                      ;*arraylength {reexecute=0 rethrow=0 return_oop=0}
                      ; - java.lang.String::length@4 (line 1481)
                      ; - java.lang.String::lastIndexOf@3 (line 2451)
                      ; - jdk.internal.loader.BuiltinClassLoader::defineClass@8 (line 845)
  0x000001da536ebdcc: ff4c 894c | 2408 4889 

  0x000001da536ebdd4: ;   {runtime_call monitorenter_nofpu Runtime1 stub}
  0x000001da536ebdd4: 1424 e8a5 

  0x000001da536ebdd8: ; ImmutableOopMap {[160]=Oop [168]=Oop [144]=Oop r9=Oop [152]=Oop [232]=Oop }
                      ;*synchronization entry
                      ; - jdk.internal.loader.Resource::cachedInputStream@-1 (line 76)
                      ; - jdk.internal.loader.Resource::getByteBuffer@1 (line 163)
                      ; - jdk.internal.loader.BuiltinClassLoader::defineClass@45 (line 853)
  0x000001da536ebdd8: cec7 ffe9 | 38fc ffff | 418b 510c | 4883 fa00 | 0f84 64fc | ffff 4889 

  0x000001da536ebdf0: ;   {runtime_call g1_pre_barrier_slow}
  0x000001da536ebdf0: 1424 e889 | ffc7 ffe9 | 56fc ffff | 4883 f800 | 0f84 67fc | ffff 4c89 

  0x000001da536ebe08: ;   {runtime_call g1_post_barrier_slow}
  0x000001da536ebe08: 0c24 e871 | 03c8 ffe9 | 59fc ffff | 488d 8424 | e000 0000 | 4889 0424 

  0x000001da536ebe20: ;   {runtime_call monitorexit_nofpu Runtime1 stub}
  0x000001da536ebe20: e8db d4c7 | ffe9 6afc | ffff 4889 

  0x000001da536ebe2c: ;   {runtime_call throw_class_cast_exception Runtime1 stub}
  0x000001da536ebe2c: 1424 e8ed 

  0x000001da536ebe30: ; ImmutableOopMap {[160]=Oop [168]=Oop [144]=Oop [152]=Oop }
                      ;*checkcast {reexecute=0 rethrow=0 return_oop=0}
                      ; - jdk.internal.loader.Resource::getByteBuffer@13 (line 165)
                      ; - jdk.internal.loader.BuiltinClassLoader::defineClass@45 (line 853)
  0x000001da536ebe30: c1c7 ff48 

  0x000001da536ebe34: ;   {runtime_call fast_new_instance Runtime1 stub}
  0x000001da536ebe34: 8bd2 e8c5 

  0x000001da536ebe38: ; ImmutableOopMap {[160]=Oop [168]=Oop [144]=Oop [184]=Oop r9=Oop }
                      ;*new {reexecute=0 rethrow=0 return_oop=0}
                      ; - jdk.internal.loader.BuiltinClassLoader::defineClass@61 (line 856)
  0x000001da536ebe38: a0c7 ffe9 | affd ffff 

  0x000001da536ebe40: ;   {internal_word}
  0x000001da536ebe40: 49ba 4cbc | 6e53 da01 | 0000 4d89 | 9760 0300 

  0x000001da536ebe50: ;   {runtime_call SafepointBlob}
  0x000001da536ebe50: 00e9 2ad1 | bdff 488b 

  0x000001da536ebe58: ;   {runtime_call fast_new_instance Runtime1 stub}
  0x000001da536ebe58: d2e8 a2a0 

  0x000001da536ebe5c: ; ImmutableOopMap {[160]=Oop [144]=Oop [168]=Oop [200]=Oop r9=Oop }
                      ;*new {reexecute=0 rethrow=0 return_oop=0}
                      ; - jdk.internal.loader.BuiltinClassLoader::defineClass@95 (line 861)
  0x000001da536ebe5c: c7ff e98c 

  0x000001da536ebe60: ;   {runtime_call throw_null_pointer_exception Runtime1 stub}
  0x000001da536ebe60: feff ffe8 

  0x000001da536ebe64: ; ImmutableOopMap {[160]=Oop [144]=Oop [208]=Oop rax=Oop [200]=Oop }
                      ;*arraylength {reexecute=0 rethrow=0 return_oop=0}
                      ; - jdk.internal.loader.BuiltinClassLoader::defineClass@114 (line 862)
  0x000001da536ebe64: b895 c7ff 

  0x000001da536ebe68: ;   {internal_word}
  0x000001da536ebe68: 49ba 6cbd | 6e53 da01 | 0000 4d89 | 9760 0300 

  0x000001da536ebe78: ;   {runtime_call SafepointBlob}
  0x000001da536ebe78: 00e9 02d1 | bdff 488d | 8424 e000 | 0000 4889 

  0x000001da536ebe88: ;   {runtime_call monitorexit_nofpu Runtime1 stub}
  0x000001da536ebe88: 0424 e871 | d4c7 ffe9 | 27ff ffff | 9090 498b | 87d8 0300 | 0049 c787 | d803 0000 | 0000 0000 
  0x000001da536ebea8: 49c7 87e0 | 0300 0000 | 0000 0048 | 81c4 0001 

  0x000001da536ebeb8: ;   {runtime_call unwind_exception Runtime1 stub}
  0x000001da536ebeb8: 0000 5de9 | 4086 c7ff 
[Stub Code]
  0x000001da536ebec0: ;   {no_reloc}
  0x000001da536ebec0: 0f1f 4400 

  0x000001da536ebec4: ;   {static_stub}
  0x000001da536ebec4: 0048 bb00 | 0000 0000 

  0x000001da536ebecc: ;   {runtime_call}
  0x000001da536ebecc: 0000 00e9 | fbff ffff 

  0x000001da536ebed4: ;   {static_stub}
  0x000001da536ebed4: 9048 bb00 | 0000 0000 

  0x000001da536ebedc: ;   {runtime_call}
  0x000001da536ebedc: 0000 00e9 | fbff ffff 

  0x000001da536ebee4: ;   {static_stub}
  0x000001da536ebee4: 9048 bb00 | 0000 0000 

  0x000001da536ebeec: ;   {runtime_call}
  0x000001da536ebeec: 0000 00e9 | fbff ffff 

  0x000001da536ebef4: ;   {static_stub}
  0x000001da536ebef4: 9048 bb00 | 0000 0000 

  0x000001da536ebefc: ;   {runtime_call}
  0x000001da536ebefc: 0000 00e9 | fbff ffff 

  0x000001da536ebf04: ;   {static_stub}
  0x000001da536ebf04: 9048 bb00 | 0000 0000 

  0x000001da536ebf0c: ;   {runtime_call}
  0x000001da536ebf0c: 0000 00e9 | fbff ffff 

  0x000001da536ebf14: ;   {static_stub}
  0x000001da536ebf14: 9048 bb00 | 0000 0000 

  0x000001da536ebf1c: ;   {runtime_call}
  0x000001da536ebf1c: 0000 00e9 | fbff ffff 

  0x000001da536ebf24: ;   {static_stub}
  0x000001da536ebf24: 9048 bb00 | 0000 0000 

  0x000001da536ebf2c: ;   {runtime_call}
  0x000001da536ebf2c: 0000 00e9 | fbff ffff 

  0x000001da536ebf34: ;   {static_stub}
  0x000001da536ebf34: 9048 bb00 | 0000 0000 

  0x000001da536ebf3c: ;   {runtime_call}
  0x000001da536ebf3c: 0000 00e9 | fbff ffff 

  0x000001da536ebf44: ;   {static_stub}
  0x000001da536ebf44: 9048 bb00 | 0000 0000 

  0x000001da536ebf4c: ;   {runtime_call}
  0x000001da536ebf4c: 0000 00e9 | fbff ffff 

  0x000001da536ebf54: ;   {static_stub}
  0x000001da536ebf54: 9048 bb00 | 0000 0000 

  0x000001da536ebf5c: ;   {runtime_call}
  0x000001da536ebf5c: 0000 00e9 | fbff ffff 

  0x000001da536ebf64: ;   {static_stub}
  0x000001da536ebf64: 9048 bb00 | 0000 0000 

  0x000001da536ebf6c: ;   {runtime_call}
  0x000001da536ebf6c: 0000 00e9 | fbff ffff 

  0x000001da536ebf74: ;   {static_stub}
  0x000001da536ebf74: 9048 bb00 | 0000 0000 

  0x000001da536ebf7c: ;   {runtime_call}
  0x000001da536ebf7c: 0000 00e9 | fbff ffff 

  0x000001da536ebf84: ;   {static_stub}
  0x000001da536ebf84: 9048 bb00 | 0000 0000 

  0x000001da536ebf8c: ;   {runtime_call}
  0x000001da536ebf8c: 0000 00e9 | fbff ffff 

  0x000001da536ebf94: ;   {static_stub}
  0x000001da536ebf94: 9048 bb00 | 0000 0000 

  0x000001da536ebf9c: ;   {runtime_call}
  0x000001da536ebf9c: 0000 00e9 | fbff ffff 

  0x000001da536ebfa4: ;   {static_stub}
  0x000001da536ebfa4: 9048 bb00 | 0000 0000 

  0x000001da536ebfac: ;   {runtime_call}
  0x000001da536ebfac: 0000 00e9 | fbff ffff 

  0x000001da536ebfb4: ;   {static_stub}
  0x000001da536ebfb4: 9048 bb00 | 0000 0000 

  0x000001da536ebfbc: ;   {runtime_call}
  0x000001da536ebfbc: 0000 00e9 | fbff ffff 

  0x000001da536ebfc4: ;   {static_stub}
  0x000001da536ebfc4: 9048 bb00 | 0000 0000 

  0x000001da536ebfcc: ;   {runtime_call}
  0x000001da536ebfcc: 0000 00e9 | fbff ffff 
[Exception Handler]
  0x000001da536ebfd4: ;   {runtime_call handle_exception_from_callee Runtime1 stub}
  0x000001da536ebfd4: e827 bac7 

  0x000001da536ebfd8: ;   {external_word}
  0x000001da536ebfd8: ff48 b920 | 4a48 a5fc | 7f00 0048 

  0x000001da536ebfe4: ;   {runtime_call}
  0x000001da536ebfe4: 83e4 f049 | baf0 cf10 | a5fc 7f00 | 0041 ffd2 

  0x000001da536ebff4: ;   {section_word}
  0x000001da536ebff4: f449 baf5 | bf6e 53da | 0100 0041 

  0x000001da536ec000: ;   {runtime_call DeoptimizationBlob}
  0x000001da536ec000: 52e9 1ae4 | bdff f4f4 
[/MachCode]


---------------  P R O C E S S  ---------------

Threads class SMR info:
_java_thread_list=0x000001da62764780, length=22, elements={
0x000001da4b740ba0, 0x000001da5d73f2f0, 0x000001da5d741cc0, 0x000001da5d7697f0,
0x000001da5d758110, 0x000001da5d7589e0, 0x000001da5d75c2d0, 0x000001da5d760240,
0x000001da5d771fb0, 0x000001da5d72b070, 0x000001da5d85d920, 0x000001da5d85ff00,
0x000001da5d860650, 0x000001da5dba63e0, 0x000001da5dba68c0, 0x000001da621d2330,
0x000001da623f2170, 0x000001da62411150, 0x000001da624118a0, 0x000001da62716540,
0x000001da62717e90, 0x000001da62716a50
}

Java Threads: ( => current thread )
  0x000001da4b740ba0 JavaThread "main" [_thread_in_vm, id=43492, stack(0x0000002659900000,0x0000002659a00000)]
  0x000001da5d73f2f0 JavaThread "Reference Handler" daemon [_thread_blocked, id=40604, stack(0x000000265a000000,0x000000265a100000)]
  0x000001da5d741cc0 JavaThread "Finalizer" daemon [_thread_blocked, id=18524, stack(0x000000265a100000,0x000000265a200000)]
  0x000001da5d7697f0 JavaThread "Signal Dispatcher" daemon [_thread_blocked, id=28440, stack(0x000000265a200000,0x000000265a300000)]
  0x000001da5d758110 JavaThread "Attach Listener" daemon [_thread_blocked, id=26552, stack(0x000000265a300000,0x000000265a400000)]
  0x000001da5d7589e0 JavaThread "Service Thread" daemon [_thread_blocked, id=40556, stack(0x000000265a400000,0x000000265a500000)]
  0x000001da5d75c2d0 JavaThread "Monitor Deflation Thread" daemon [_thread_blocked, id=13736, stack(0x000000265a500000,0x000000265a600000)]
  0x000001da5d760240 JavaThread "C1 CompilerThread0" daemon [_thread_blocked, id=37308, stack(0x000000265a600000,0x000000265a700000)]
  0x000001da5d771fb0 JavaThread "Sweeper thread" daemon [_thread_blocked, id=51620, stack(0x000000265a700000,0x000000265a800000)]
  0x000001da5d72b070 JavaThread "Common-Cleaner" daemon [_thread_blocked, id=21920, stack(0x000000265a800000,0x000000265a900000)]
  0x000001da5d85d920 JavaThread "C1 CompilerThread1" daemon [_thread_blocked, id=49928, stack(0x000000265a900000,0x000000265aa00000)]
  0x000001da5d85ff00 JavaThread "C1 CompilerThread2" daemon [_thread_blocked, id=34768, stack(0x000000265aa00000,0x000000265ab00000)]
  0x000001da5d860650 JavaThread "C1 CompilerThread3" daemon [_thread_blocked, id=15316, stack(0x000000265ab00000,0x000000265ac00000)]
  0x000001da5dba63e0 JavaThread "Monitor Ctrl-Break" daemon [_thread_in_native, id=35368, stack(0x000000265ac00000,0x000000265ad00000)]
  0x000001da5dba68c0 JavaThread "Notification Thread" daemon [_thread_blocked, id=30128, stack(0x000000265ad00000,0x000000265ae00000)]
  0x000001da621d2330 JavaThread "RMI TCP Accept-0" daemon [_thread_in_native, id=22552, stack(0x000000265ae00000,0x000000265af00000)]
  0x000001da623f2170 JavaThread "RMI TCP Connection(1)-192.168.219.104" daemon [_thread_in_native, id=48400, stack(0x000000265b000000,0x000000265b100000)]
  0x000001da62411150 JavaThread "RMI Scheduler(0)" daemon [_thread_blocked, id=48424, stack(0x000000265b100000,0x000000265b200000)]
  0x000001da624118a0 JavaThread "JMX server connection timeout 20" daemon [_thread_blocked, id=47340, stack(0x000000265b200000,0x000000265b300000)]
=>0x000001da62716540 JavaThread "background-preinit" [_thread_in_vm, id=27528, stack(0x000000265bc00000,0x000000265bd00000)]
  0x000001da62717e90 JavaThread "RMI TCP Connection(2)-192.168.219.104" daemon [_thread_in_native, id=44744, stack(0x000000265bb00000,0x000000265bc00000)]
  0x000001da62716a50 JavaThread "JMX server connection timeout 24" daemon [_thread_blocked, id=48872, stack(0x000000265bd00000,0x000000265be00000)]

Other Threads:
  0x000001da5d73bdc0 VMThread "VM Thread" [stack: 0x0000002659f00000,0x000000265a000000] [id=17764]
  0x000001da621f0f30 WatcherThread [stack: 0x000000265af00000,0x000000265b000000] [id=38552]
  0x000001da4b795510 GCTaskThread "GC Thread#0" [stack: 0x0000002659a00000,0x0000002659b00000] [id=45068]
  0x000001da625a0030 GCTaskThread "GC Thread#1" [stack: 0x000000265b300000,0x000000265b400000] [id=43164]
  0x000001da625e25a0 GCTaskThread "GC Thread#2" [stack: 0x000000265b400000,0x000000265b500000] [id=50944]
  0x000001da625f99d0 GCTaskThread "GC Thread#3" [stack: 0x000000265b500000,0x000000265b600000] [id=30468]
  0x000001da625f9c90 GCTaskThread "GC Thread#4" [stack: 0x000000265b600000,0x000000265b700000] [id=50712]
  0x000001da625f9f50 GCTaskThread "GC Thread#5" [stack: 0x000000265b700000,0x000000265b800000] [id=50612]
  0x000001da625fa210 GCTaskThread "GC Thread#6" [stack: 0x000000265b800000,0x000000265b900000] [id=48912]
  0x000001da625fa4d0 GCTaskThread "GC Thread#7" [stack: 0x000000265b900000,0x000000265ba00000] [id=47992]
  0x000001da4b7a5a70 ConcurrentGCThread "G1 Main Marker" [stack: 0x0000002659b00000,0x0000002659c00000] [id=6788]
  0x000001da4b7a6c30 ConcurrentGCThread "G1 Conc#0" [stack: 0x0000002659c00000,0x0000002659d00000] [id=20972]
  0x000001da5d5e2110 ConcurrentGCThread "G1 Refine#0" [stack: 0x0000002659d00000,0x0000002659e00000] [id=48500]
  0x000001da62538c50 ConcurrentGCThread "G1 Refine#1" [stack: 0x000000265ba00000,0x000000265bb00000] [id=51272]
  0x000001da5d5e2b40 ConcurrentGCThread "G1 Service" [stack: 0x0000002659e00000,0x0000002659f00000] [id=50804]

Threads with active compile tasks:

VM state: not at safepoint (normal execution)

VM Mutex/Monitor currently owned by a thread:  ([mutex/lock_event])
[0x000001da4b73aee0] Metaspace_lock - owner thread: 0x000001da62716540

Heap address: 0x0000000084000000, size: 1984 MB, Compressed Oops mode: 32-bit

CDS archive(s) mapped at: [0x000001da00000000-0x000001da00bb0000-0x000001da00bb0000), size 12255232, SharedBaseAddress: 0x000001da00000000, ArchiveRelocationMode: 1.
Compressed class space mapped at: 0x000001da01000000-0x000001da41000000, reserved size: 1073741824
Narrow klass base: 0x000001da00000000, Narrow klass shift: 0, Narrow klass range: 0x100000000

GC Precious Log:
 CPUs: 8 total, 8 available
 Memory: 7932M
 Large Page Support: Disabled
 NUMA Support: Disabled
 Compressed Oops: Enabled (32-bit)
 Heap Region Size: 1M
 Heap Min Capacity: 8M
 Heap Initial Capacity: 124M
 Heap Max Capacity: 1984M
 Pre-touch: Disabled
 Parallel Workers: 8
 Concurrent Workers: 2
 Concurrent Refinement Workers: 8
 Periodic GC: Disabled

Heap:
 garbage-first heap   total 126976K, used 30378K [0x0000000084000000, 0x0000000100000000)
  region size 1024K, 27 young (27648K), 3 survivors (3072K)
 Metaspace       used 11761K, committed 11968K, reserved 1114112K
  class space    used 1608K, committed 1728K, reserved 1048576K

Heap Regions: E=young(eden), S=young(survivor), O=old, HS=humongous(starts), HC=humongous(continues), CS=collection set, F=free, OA=open archive, CA=closed archive, TAMS=top-at-mark-start (previous, next)
|   0|0x0000000084000000, 0x0000000084100000, 0x0000000084100000|100%|HS|  |TAMS 0x0000000084000000, 0x0000000084000000| Complete 
|   1|0x0000000084100000, 0x0000000084200000, 0x0000000084200000|100%| O|  |TAMS 0x0000000084100000, 0x0000000084100000| Untracked 
|   2|0x0000000084200000, 0x0000000084300000, 0x0000000084300000|100%| O|  |TAMS 0x0000000084200000, 0x0000000084200000| Untracked 
|   3|0x0000000084300000, 0x0000000084400000, 0x0000000084400000|100%| O|  |TAMS 0x0000000084300000, 0x0000000084300000| Untracked 
|   4|0x0000000084400000, 0x00000000844aa800, 0x0000000084500000| 66%| O|  |TAMS 0x0000000084400000, 0x0000000084400000| Untracked 
|   5|0x0000000084500000, 0x0000000084500000, 0x0000000084600000|  0%| F|  |TAMS 0x0000000084500000, 0x0000000084500000| Untracked 
|   6|0x0000000084600000, 0x0000000084600000, 0x0000000084700000|  0%| F|  |TAMS 0x0000000084600000, 0x0000000084600000| Untracked 
|   7|0x0000000084700000, 0x0000000084700000, 0x0000000084800000|  0%| F|  |TAMS 0x0000000084700000, 0x0000000084700000| Untracked 
|   8|0x0000000084800000, 0x0000000084800000, 0x0000000084900000|  0%| F|  |TAMS 0x0000000084800000, 0x0000000084800000| Untracked 
|   9|0x0000000084900000, 0x0000000084900000, 0x0000000084a00000|  0%| F|  |TAMS 0x0000000084900000, 0x0000000084900000| Untracked 
|  10|0x0000000084a00000, 0x0000000084a00000, 0x0000000084b00000|  0%| F|  |TAMS 0x0000000084a00000, 0x0000000084a00000| Untracked 
|  11|0x0000000084b00000, 0x0000000084b00000, 0x0000000084c00000|  0%| F|  |TAMS 0x0000000084b00000, 0x0000000084b00000| Untracked 
|  12|0x0000000084c00000, 0x0000000084c00000, 0x0000000084d00000|  0%| F|  |TAMS 0x0000000084c00000, 0x0000000084c00000| Untracked 
|  13|0x0000000084d00000, 0x0000000084d00000, 0x0000000084e00000|  0%| F|  |TAMS 0x0000000084d00000, 0x0000000084d00000| Untracked 
|  14|0x0000000084e00000, 0x0000000084e00000, 0x0000000084f00000|  0%| F|  |TAMS 0x0000000084e00000, 0x0000000084e00000| Untracked 
|  15|0x0000000084f00000, 0x0000000084f00000, 0x0000000085000000|  0%| F|  |TAMS 0x0000000084f00000, 0x0000000084f00000| Untracked 
|  16|0x0000000085000000, 0x0000000085000000, 0x0000000085100000|  0%| F|  |TAMS 0x0000000085000000, 0x0000000085000000| Untracked 
|  17|0x0000000085100000, 0x0000000085100000, 0x0000000085200000|  0%| F|  |TAMS 0x0000000085100000, 0x0000000085100000| Untracked 
|  18|0x0000000085200000, 0x0000000085200000, 0x0000000085300000|  0%| F|  |TAMS 0x0000000085200000, 0x0000000085200000| Untracked 
|  19|0x0000000085300000, 0x0000000085300000, 0x0000000085400000|  0%| F|  |TAMS 0x0000000085300000, 0x0000000085300000| Untracked 
|  20|0x0000000085400000, 0x0000000085400000, 0x0000000085500000|  0%| F|  |TAMS 0x0000000085400000, 0x0000000085400000| Untracked 
|  21|0x0000000085500000, 0x0000000085500000, 0x0000000085600000|  0%| F|  |TAMS 0x0000000085500000, 0x0000000085500000| Untracked 
|  22|0x0000000085600000, 0x0000000085600000, 0x0000000085700000|  0%| F|  |TAMS 0x0000000085600000, 0x0000000085600000| Untracked 
|  23|0x0000000085700000, 0x0000000085700000, 0x0000000085800000|  0%| F|  |TAMS 0x0000000085700000, 0x0000000085700000| Untracked 
|  24|0x0000000085800000, 0x0000000085800000, 0x0000000085900000|  0%| F|  |TAMS 0x0000000085800000, 0x0000000085800000| Untracked 
|  25|0x0000000085900000, 0x0000000085900000, 0x0000000085a00000|  0%| F|  |TAMS 0x0000000085900000, 0x0000000085900000| Untracked 
|  26|0x0000000085a00000, 0x0000000085a00000, 0x0000000085b00000|  0%| F|  |TAMS 0x0000000085a00000, 0x0000000085a00000| Untracked 
|  27|0x0000000085b00000, 0x0000000085b00000, 0x0000000085c00000|  0%| F|  |TAMS 0x0000000085b00000, 0x0000000085b00000| Untracked 
|  28|0x0000000085c00000, 0x0000000085c00000, 0x0000000085d00000|  0%| F|  |TAMS 0x0000000085c00000, 0x0000000085c00000| Untracked 
|  29|0x0000000085d00000, 0x0000000085d00000, 0x0000000085e00000|  0%| F|  |TAMS 0x0000000085d00000, 0x0000000085d00000| Untracked 
|  30|0x0000000085e00000, 0x0000000085e00000, 0x0000000085f00000|  0%| F|  |TAMS 0x0000000085e00000, 0x0000000085e00000| Untracked 
|  31|0x0000000085f00000, 0x0000000085f00000, 0x0000000086000000|  0%| F|  |TAMS 0x0000000085f00000, 0x0000000085f00000| Untracked 
|  32|0x0000000086000000, 0x0000000086000000, 0x0000000086100000|  0%| F|  |TAMS 0x0000000086000000, 0x0000000086000000| Untracked 
|  33|0x0000000086100000, 0x0000000086100000, 0x0000000086200000|  0%| F|  |TAMS 0x0000000086100000, 0x0000000086100000| Untracked 
|  34|0x0000000086200000, 0x0000000086200000, 0x0000000086300000|  0%| F|  |TAMS 0x0000000086200000, 0x0000000086200000| Untracked 
|  35|0x0000000086300000, 0x0000000086300000, 0x0000000086400000|  0%| F|  |TAMS 0x0000000086300000, 0x0000000086300000| Untracked 
|  36|0x0000000086400000, 0x0000000086400000, 0x0000000086500000|  0%| F|  |TAMS 0x0000000086400000, 0x0000000086400000| Untracked 
|  37|0x0000000086500000, 0x0000000086500000, 0x0000000086600000|  0%| F|  |TAMS 0x0000000086500000, 0x0000000086500000| Untracked 
|  38|0x0000000086600000, 0x0000000086600000, 0x0000000086700000|  0%| F|  |TAMS 0x0000000086600000, 0x0000000086600000| Untracked 
|  39|0x0000000086700000, 0x0000000086700000, 0x0000000086800000|  0%| F|  |TAMS 0x0000000086700000, 0x0000000086700000| Untracked 
|  40|0x0000000086800000, 0x0000000086800000, 0x0000000086900000|  0%| F|  |TAMS 0x0000000086800000, 0x0000000086800000| Untracked 
|  41|0x0000000086900000, 0x0000000086900000, 0x0000000086a00000|  0%| F|  |TAMS 0x0000000086900000, 0x0000000086900000| Untracked 
|  42|0x0000000086a00000, 0x0000000086a00000, 0x0000000086b00000|  0%| F|  |TAMS 0x0000000086a00000, 0x0000000086a00000| Untracked 
|  43|0x0000000086b00000, 0x0000000086b00000, 0x0000000086c00000|  0%| F|  |TAMS 0x0000000086b00000, 0x0000000086b00000| Untracked 
|  44|0x0000000086c00000, 0x0000000086c00000, 0x0000000086d00000|  0%| F|  |TAMS 0x0000000086c00000, 0x0000000086c00000| Untracked 
|  45|0x0000000086d00000, 0x0000000086d00000, 0x0000000086e00000|  0%| F|  |TAMS 0x0000000086d00000, 0x0000000086d00000| Untracked 
|  46|0x0000000086e00000, 0x0000000086e00000, 0x0000000086f00000|  0%| F|  |TAMS 0x0000000086e00000, 0x0000000086e00000| Untracked 
|  47|0x0000000086f00000, 0x0000000086f00000, 0x0000000087000000|  0%| F|  |TAMS 0x0000000086f00000, 0x0000000086f00000| Untracked 
|  48|0x0000000087000000, 0x0000000087000000, 0x0000000087100000|  0%| F|  |TAMS 0x0000000087000000, 0x0000000087000000| Untracked 
|  49|0x0000000087100000, 0x0000000087100000, 0x0000000087200000|  0%| F|  |TAMS 0x0000000087100000, 0x0000000087100000| Untracked 
|  50|0x0000000087200000, 0x0000000087200000, 0x0000000087300000|  0%| F|  |TAMS 0x0000000087200000, 0x0000000087200000| Untracked 
|  51|0x0000000087300000, 0x0000000087300000, 0x0000000087400000|  0%| F|  |TAMS 0x0000000087300000, 0x0000000087300000| Untracked 
|  52|0x0000000087400000, 0x0000000087400000, 0x0000000087500000|  0%| F|  |TAMS 0x0000000087400000, 0x0000000087400000| Untracked 
|  53|0x0000000087500000, 0x0000000087500000, 0x0000000087600000|  0%| F|  |TAMS 0x0000000087500000, 0x0000000087500000| Untracked 
|  54|0x0000000087600000, 0x0000000087600000, 0x0000000087700000|  0%| F|  |TAMS 0x0000000087600000, 0x0000000087600000| Untracked 
|  55|0x0000000087700000, 0x0000000087700000, 0x0000000087800000|  0%| F|  |TAMS 0x0000000087700000, 0x0000000087700000| Untracked 
|  56|0x0000000087800000, 0x0000000087800000, 0x0000000087900000|  0%| F|  |TAMS 0x0000000087800000, 0x0000000087800000| Untracked 
|  57|0x0000000087900000, 0x0000000087900000, 0x0000000087a00000|  0%| F|  |TAMS 0x0000000087900000, 0x0000000087900000| Untracked 
|  58|0x0000000087a00000, 0x0000000087a00000, 0x0000000087b00000|  0%| F|  |TAMS 0x0000000087a00000, 0x0000000087a00000| Untracked 
|  59|0x0000000087b00000, 0x0000000087b00000, 0x0000000087c00000|  0%| F|  |TAMS 0x0000000087b00000, 0x0000000087b00000| Untracked 
|  60|0x0000000087c00000, 0x0000000087c00000, 0x0000000087d00000|  0%| F|  |TAMS 0x0000000087c00000, 0x0000000087c00000| Untracked 
|  61|0x0000000087d00000, 0x0000000087d00000, 0x0000000087e00000|  0%| F|  |TAMS 0x0000000087d00000, 0x0000000087d00000| Untracked 
|  62|0x0000000087e00000, 0x0000000087e00000, 0x0000000087f00000|  0%| F|  |TAMS 0x0000000087e00000, 0x0000000087e00000| Untracked 
|  63|0x0000000087f00000, 0x0000000087f00000, 0x0000000088000000|  0%| F|  |TAMS 0x0000000087f00000, 0x0000000087f00000| Untracked 
|  64|0x0000000088000000, 0x0000000088000000, 0x0000000088100000|  0%| F|  |TAMS 0x0000000088000000, 0x0000000088000000| Untracked 
|  65|0x0000000088100000, 0x0000000088100000, 0x0000000088200000|  0%| F|  |TAMS 0x0000000088100000, 0x0000000088100000| Untracked 
|  66|0x0000000088200000, 0x0000000088200000, 0x0000000088300000|  0%| F|  |TAMS 0x0000000088200000, 0x0000000088200000| Untracked 
|  67|0x0000000088300000, 0x0000000088300000, 0x0000000088400000|  0%| F|  |TAMS 0x0000000088300000, 0x0000000088300000| Untracked 
|  68|0x0000000088400000, 0x0000000088400000, 0x0000000088500000|  0%| F|  |TAMS 0x0000000088400000, 0x0000000088400000| Untracked 
|  69|0x0000000088500000, 0x0000000088500000, 0x0000000088600000|  0%| F|  |TAMS 0x0000000088500000, 0x0000000088500000| Untracked 
|  70|0x0000000088600000, 0x0000000088600000, 0x0000000088700000|  0%| F|  |TAMS 0x0000000088600000, 0x0000000088600000| Untracked 
|  71|0x0000000088700000, 0x0000000088700000, 0x0000000088800000|  0%| F|  |TAMS 0x0000000088700000, 0x0000000088700000| Untracked 
|  72|0x0000000088800000, 0x0000000088800000, 0x0000000088900000|  0%| F|  |TAMS 0x0000000088800000, 0x0000000088800000| Untracked 
|  73|0x0000000088900000, 0x0000000088900000, 0x0000000088a00000|  0%| F|  |TAMS 0x0000000088900000, 0x0000000088900000| Untracked 
|  74|0x0000000088a00000, 0x0000000088a00000, 0x0000000088b00000|  0%| F|  |TAMS 0x0000000088a00000, 0x0000000088a00000| Untracked 
|  75|0x0000000088b00000, 0x0000000088b00000, 0x0000000088c00000|  0%| F|  |TAMS 0x0000000088b00000, 0x0000000088b00000| Untracked 
|  76|0x0000000088c00000, 0x0000000088c00000, 0x0000000088d00000|  0%| F|  |TAMS 0x0000000088c00000, 0x0000000088c00000| Untracked 
|  77|0x0000000088d00000, 0x0000000088d00000, 0x0000000088e00000|  0%| F|  |TAMS 0x0000000088d00000, 0x0000000088d00000| Untracked 
|  78|0x0000000088e00000, 0x0000000088e00000, 0x0000000088f00000|  0%| F|  |TAMS 0x0000000088e00000, 0x0000000088e00000| Untracked 
|  79|0x0000000088f00000, 0x0000000088f00000, 0x0000000089000000|  0%| F|  |TAMS 0x0000000088f00000, 0x0000000088f00000| Untracked 
|  80|0x0000000089000000, 0x0000000089000000, 0x0000000089100000|  0%| F|  |TAMS 0x0000000089000000, 0x0000000089000000| Untracked 
|  81|0x0000000089100000, 0x0000000089100000, 0x0000000089200000|  0%| F|  |TAMS 0x0000000089100000, 0x0000000089100000| Untracked 
|  82|0x0000000089200000, 0x0000000089200000, 0x0000000089300000|  0%| F|  |TAMS 0x0000000089200000, 0x0000000089200000| Untracked 
|  83|0x0000000089300000, 0x0000000089300000, 0x0000000089400000|  0%| F|  |TAMS 0x0000000089300000, 0x0000000089300000| Untracked 
|  84|0x0000000089400000, 0x0000000089400000, 0x0000000089500000|  0%| F|  |TAMS 0x0000000089400000, 0x0000000089400000| Untracked 
|  85|0x0000000089500000, 0x0000000089500000, 0x0000000089600000|  0%| F|  |TAMS 0x0000000089500000, 0x0000000089500000| Untracked 
|  86|0x0000000089600000, 0x0000000089600000, 0x0000000089700000|  0%| F|  |TAMS 0x0000000089600000, 0x0000000089600000| Untracked 
|  87|0x0000000089700000, 0x0000000089700000, 0x0000000089800000|  0%| F|  |TAMS 0x0000000089700000, 0x0000000089700000| Untracked 
|  88|0x0000000089800000, 0x0000000089800000, 0x0000000089900000|  0%| F|  |TAMS 0x0000000089800000, 0x0000000089800000| Untracked 
|  89|0x0000000089900000, 0x0000000089900000, 0x0000000089a00000|  0%| F|  |TAMS 0x0000000089900000, 0x0000000089900000| Untracked 
|  90|0x0000000089a00000, 0x0000000089a00000, 0x0000000089b00000|  0%| F|  |TAMS 0x0000000089a00000, 0x0000000089a00000| Untracked 
|  91|0x0000000089b00000, 0x0000000089b00000, 0x0000000089c00000|  0%| F|  |TAMS 0x0000000089b00000, 0x0000000089b00000| Untracked 
|  92|0x0000000089c00000, 0x0000000089c00000, 0x0000000089d00000|  0%| F|  |TAMS 0x0000000089c00000, 0x0000000089c00000| Untracked 
|  93|0x0000000089d00000, 0x0000000089d00000, 0x0000000089e00000|  0%| F|  |TAMS 0x0000000089d00000, 0x0000000089d00000| Untracked 
|  94|0x0000000089e00000, 0x0000000089e00000, 0x0000000089f00000|  0%| F|  |TAMS 0x0000000089e00000, 0x0000000089e00000| Untracked 
|  95|0x0000000089f00000, 0x0000000089f00000, 0x000000008a000000|  0%| F|  |TAMS 0x0000000089f00000, 0x0000000089f00000| Untracked 
|  96|0x000000008a000000, 0x000000008a000000, 0x000000008a100000|  0%| F|  |TAMS 0x000000008a000000, 0x000000008a000000| Untracked 
|  97|0x000000008a100000, 0x000000008a111920, 0x000000008a200000|  6%| E|  |TAMS 0x000000008a100000, 0x000000008a100000| Complete 
|  98|0x000000008a200000, 0x000000008a300000, 0x000000008a300000|100%| S|CS|TAMS 0x000000008a200000, 0x000000008a200000| Complete 
|  99|0x000000008a300000, 0x000000008a400000, 0x000000008a400000|100%| S|CS|TAMS 0x000000008a300000, 0x000000008a300000| Complete 
| 100|0x000000008a400000, 0x000000008a500000, 0x000000008a500000|100%| S|CS|TAMS 0x000000008a400000, 0x000000008a400000| Complete 
| 101|0x000000008a500000, 0x000000008a600000, 0x000000008a600000|100%| E|CS|TAMS 0x000000008a500000, 0x000000008a500000| Complete 
| 102|0x000000008a600000, 0x000000008a700000, 0x000000008a700000|100%| E|CS|TAMS 0x000000008a600000, 0x000000008a600000| Complete 
| 103|0x000000008a700000, 0x000000008a800000, 0x000000008a800000|100%| E|  |TAMS 0x000000008a700000, 0x000000008a700000| Complete 
| 104|0x000000008a800000, 0x000000008a900000, 0x000000008a900000|100%| E|CS|TAMS 0x000000008a800000, 0x000000008a800000| Complete 
| 105|0x000000008a900000, 0x000000008aa00000, 0x000000008aa00000|100%| E|CS|TAMS 0x000000008a900000, 0x000000008a900000| Complete 
| 106|0x000000008aa00000, 0x000000008ab00000, 0x000000008ab00000|100%| E|CS|TAMS 0x000000008aa00000, 0x000000008aa00000| Complete 
| 107|0x000000008ab00000, 0x000000008ac00000, 0x000000008ac00000|100%| E|CS|TAMS 0x000000008ab00000, 0x000000008ab00000| Complete 
| 108|0x000000008ac00000, 0x000000008ad00000, 0x000000008ad00000|100%| E|CS|TAMS 0x000000008ac00000, 0x000000008ac00000| Complete 
| 109|0x000000008ad00000, 0x000000008ae00000, 0x000000008ae00000|100%| E|CS|TAMS 0x000000008ad00000, 0x000000008ad00000| Complete 
| 110|0x000000008ae00000, 0x000000008af00000, 0x000000008af00000|100%| E|CS|TAMS 0x000000008ae00000, 0x000000008ae00000| Complete 
| 111|0x000000008af00000, 0x000000008b000000, 0x000000008b000000|100%| E|CS|TAMS 0x000000008af00000, 0x000000008af00000| Complete 
| 112|0x000000008b000000, 0x000000008b100000, 0x000000008b100000|100%| E|CS|TAMS 0x000000008b000000, 0x000000008b000000| Complete 
| 113|0x000000008b100000, 0x000000008b200000, 0x000000008b200000|100%| E|CS|TAMS 0x000000008b100000, 0x000000008b100000| Complete 
| 114|0x000000008b200000, 0x000000008b300000, 0x000000008b300000|100%| E|CS|TAMS 0x000000008b200000, 0x000000008b200000| Complete 
| 115|0x000000008b300000, 0x000000008b400000, 0x000000008b400000|100%| E|CS|TAMS 0x000000008b300000, 0x000000008b300000| Complete 
| 116|0x000000008b400000, 0x000000008b500000, 0x000000008b500000|100%| E|CS|TAMS 0x000000008b400000, 0x000000008b400000| Complete 
| 117|0x000000008b500000, 0x000000008b600000, 0x000000008b600000|100%| E|CS|TAMS 0x000000008b500000, 0x000000008b500000| Complete 
| 118|0x000000008b600000, 0x000000008b700000, 0x000000008b700000|100%| E|CS|TAMS 0x000000008b600000, 0x000000008b600000| Complete 
| 119|0x000000008b700000, 0x000000008b800000, 0x000000008b800000|100%| E|CS|TAMS 0x000000008b700000, 0x000000008b700000| Complete 
| 120|0x000000008b800000, 0x000000008b900000, 0x000000008b900000|100%| E|CS|TAMS 0x000000008b800000, 0x000000008b800000| Complete 
| 121|0x000000008b900000, 0x000000008ba00000, 0x000000008ba00000|100%| E|CS|TAMS 0x000000008b900000, 0x000000008b900000| Complete 
| 122|0x000000008ba00000, 0x000000008bb00000, 0x000000008bb00000|100%| E|CS|TAMS 0x000000008ba00000, 0x000000008ba00000| Complete 
| 123|0x000000008bb00000, 0x000000008bc00000, 0x000000008bc00000|100%| E|CS|TAMS 0x000000008bb00000, 0x000000008bb00000| Complete 

Card table byte_map: [0x000001da56760000,0x000001da56b40000] _byte_map_base: 0x000001da56340000

Marking Bits (Prev, Next): (CMBitMap*) 0x000001da4b795940, (CMBitMap*) 0x000001da4b795980
 Prev Bits: [0x000001da56f20000, 0x000001da58e20000)
 Next Bits: [0x000001da58e20000, 0x000001da5ad20000)

Polling page: 0x000001da496b0000

Metaspace:

Usage:
  Non-class:      9.91 MB used.
      Class:      1.57 MB used.
       Both:     11.49 MB used.

Virtual space:
  Non-class space:       64.00 MB reserved,      10.00 MB ( 16%) committed,  1 nodes.
      Class space:        1.00 GB reserved,       1.69 MB ( <1%) committed,  1 nodes.
             Both:        1.06 GB reserved,      11.69 MB (  1%) committed. 

Chunk freelists:
   Non-Class:  5.73 MB
       Class:  14.25 MB
        Both:  19.99 MB

MaxMetaspaceSize: unlimited
CompressedClassSpaceSize: 1.00 GB
Initial GC threshold: 21.00 MB
Current GC threshold: 21.00 MB
CDS: on
MetaspaceReclaimPolicy: balanced
 - commit_granule_bytes: 65536.
 - commit_granule_words: 8192.
 - virtual_space_node_default_size: 8388608.
 - enlarge_chunks_in_place: 1.
 - new_chunks_are_fully_committed: 0.
 - uncommit_free_chunks: 1.
 - use_allocation_guard: 0.
 - handle_deallocations: 1.


Internal statistics:

num_allocs_failed_limit: 0.
num_arena_births: 272.
num_arena_deaths: 0.
num_vsnodes_births: 2.
num_vsnodes_deaths: 0.
num_space_committed: 187.
num_space_uncommitted: 0.
num_chunks_returned_to_freelist: 0.
num_chunks_taken_from_freelist: 592.
num_chunk_merges: 0.
num_chunk_splits: 363.
num_chunks_enlarged: 233.
num_inconsistent_stats: 0.

CodeCache: size=49152Kb used=5614Kb max_used=5614Kb free=43537Kb
 bounds [0x000001da53270000, 0x000001da537f0000, 0x000001da56270000]
 total_blobs=2358 nmethods=1893 adapters=389
 compilation: enabled
              stopped_count=0, restarted_count=0
 full_count=0

Compilation events (20 events):
Event: 1.487 Thread 0x000001da5d85ff00 1881       1       org.springframework.core.ResolvableType::forType (17 bytes)
Event: 1.487 Thread 0x000001da5d760240 1883       1       sun.reflect.generics.reflectiveObjects.ParameterizedTypeImpl::getActualTypeArguments (11 bytes)
Event: 1.487 Thread 0x000001da5d760240 nmethod 1883 0x000001da537e5c10 code [0x000001da537e5da0, 0x000001da537e5ee8]
Event: 1.487 Thread 0x000001da5d760240 1885       1       java.lang.Class::getGenericInterfaces (21 bytes)
Event: 1.487 Thread 0x000001da5d85ff00 nmethod 1881 0x000001da537e5f90 code [0x000001da537e6140, 0x000001da537e6308]
Event: 1.487 Thread 0x000001da5d85ff00 1886       1       sun.reflect.generics.repository.ClassRepository::getSuperInterfaces (27 bytes)
Event: 1.487 Thread 0x000001da5d760240 nmethod 1885 0x000001da537e6410 code [0x000001da537e65e0, 0x000001da537e6818]
Event: 1.487 Thread 0x000001da5d85ff00 nmethod 1886 0x000001da537e6990 code [0x000001da537e6b40, 0x000001da537e6d18]
Event: 1.487 Thread 0x000001da5d860650 nmethod 1884 0x000001da537e6e10 code [0x000001da537e7020, 0x000001da537e7648]
Event: 1.488 Thread 0x000001da5d85d920 nmethod 1882 0x000001da537e7910 code [0x000001da537e7ba0, 0x000001da537e8708]
Event: 1.493 Thread 0x000001da5d860650 1887   !   1       java.io.BufferedReader::readLine (327 bytes)
Event: 1.493 Thread 0x000001da5d85d920 1888       1       java.lang.Character::isJavaIdentifierPart (9 bytes)
Event: 1.493 Thread 0x000001da5d760240 1889       1       java.lang.CharacterDataLatin1::isJavaIdentifierPart (20 bytes)
Event: 1.493 Thread 0x000001da5d85d920 nmethod 1888 0x000001da537e8e90 code [0x000001da537e9040, 0x000001da537e9138]
Event: 1.493 Thread 0x000001da5d760240 nmethod 1889 0x000001da537e9210 code [0x000001da537e93a0, 0x000001da537e94b8]
Event: 1.494 Thread 0x000001da5d860650 nmethod 1887 0x000001da537e9590 code [0x000001da537e9820, 0x000001da537ea348]
Event: 1.531 Thread 0x000001da5d85ff00 1890       1       java.nio.Buffer::capacity (5 bytes)
Event: 1.531 Thread 0x000001da5d85ff00 nmethod 1890 0x000001da537ead90 code [0x000001da537eaf20, 0x000001da537eaff8]
Event: 1.531 Thread 0x000001da5d85ff00 1891       1       java.security.PermissionCollection::isReadOnly (5 bytes)
Event: 1.531 Thread 0x000001da5d85ff00 nmethod 1891 0x000001da537eb090 code [0x000001da537eb220, 0x000001da537eb2f8]

GC Heap History (2 events):
Event: 0.919 GC heap before
{Heap before GC invocations=0 (full 0):
 garbage-first heap   total 126976K, used 23552K [0x0000000084000000, 0x0000000100000000)
  region size 1024K, 23 young (23552K), 0 survivors (0K)
 Metaspace       used 7309K, committed 7552K, reserved 1114112K
  class space    used 921K, committed 1024K, reserved 1048576K
}
Event: 0.929 GC heap after
{Heap after GC invocations=1 (full 0):
 garbage-first heap   total 126976K, used 7850K [0x0000000084000000, 0x0000000100000000)
  region size 1024K, 3 young (3072K), 3 survivors (3072K)
 Metaspace       used 7309K, committed 7552K, reserved 1114112K
  class space    used 921K, committed 1024K, reserved 1048576K
}

Dll operation events (11 events):
Event: 0.012 Loaded shared library C:\Users\LG\.jdks\ms-17.0.15\bin\java.dll
Event: 0.028 Loaded shared library C:\Users\LG\.jdks\ms-17.0.15\bin\jsvml.dll
Event: 0.164 Loaded shared library C:\Users\LG\.jdks\ms-17.0.15\bin\zip.dll
Event: 0.169 Loaded shared library C:\Users\LG\.jdks\ms-17.0.15\bin\instrument.dll
Event: 0.177 Loaded shared library C:\Users\LG\.jdks\ms-17.0.15\bin\net.dll
Event: 0.179 Loaded shared library C:\Users\LG\.jdks\ms-17.0.15\bin\nio.dll
Event: 0.183 Loaded shared library C:\Users\LG\.jdks\ms-17.0.15\bin\zip.dll
Event: 0.297 Loaded shared library C:\Users\LG\.jdks\ms-17.0.15\bin\jimage.dll
Event: 0.309 Loaded shared library C:\Users\LG\.jdks\ms-17.0.15\bin\extnet.dll
Event: 0.328 Loaded shared library C:\Users\LG\.jdks\ms-17.0.15\bin\management.dll
Event: 0.342 Loaded shared library C:\Users\LG\.jdks\ms-17.0.15\bin\management_ext.dll

Deoptimization events (0 events):
No events

Classes loaded (20 events):
Event: 1.398 Loading class java/util/RegularEnumSet$EnumSetIterator
Event: 1.398 Loading class java/util/RegularEnumSet$EnumSetIterator done
Event: 1.405 Loading class java/nio/file/attribute/PosixFilePermission
Event: 1.405 Loading class java/nio/file/attribute/PosixFilePermission done
Event: 1.405 Loading class java/lang/ProcessHandle
Event: 1.406 Loading class java/lang/ProcessHandle done
Event: 1.406 Loading class java/lang/ProcessHandleImpl
Event: 1.406 Loading class java/lang/ProcessHandleImpl done
Event: 1.421 Loading class java/util/concurrent/Executors$DefaultThreadFactory
Event: 1.422 Loading class java/util/concurrent/Executors$DefaultThreadFactory done
Event: 1.438 Loading class java/util/Stack
Event: 1.438 Loading class java/util/Stack done
Event: 1.438 Loading class java/util/Vector$Itr
Event: 1.438 Loading class java/util/Vector$Itr done
Event: 1.502 Loading class java/lang/AssertionError
Event: 1.502 Loading class java/lang/AssertionError done
Event: 1.517 Loading class javax/xml/stream/XMLStreamException
Event: 1.517 Loading class javax/xml/stream/XMLStreamException done
Event: 1.521 Loading class java/util/regex/PatternSyntaxException
Event: 1.522 Loading class java/util/regex/PatternSyntaxException done

Classes unloaded (0 events):
No events

Classes redefined (0 events):
No events

Internal exceptions (20 events):
Event: 1.241 Thread 0x000001da4b740ba0 Exception <a 'java/lang/NoSuchMethodError'{0x000000008b167c50}: 'java.lang.Object java.lang.invoke.DirectMethodHandle$Holder.invokeSpecial(java.lang.Object, java.lang.Object, java.lang.Object, java.lang.Object, java.lang.Object, java.lang.Object, int)'> (0x000000008b167c50) 
thrown [s\src\hotspot\share\interpreter\linkResolver.cpp, line 759]
Event: 1.241 Thread 0x000001da4b740ba0 Exception <a 'java/lang/NoSuchMethodError'{0x000000008b1721b8}: 'java.lang.Object java.lang.invoke.DirectMethodHandle$Holder.newInvokeSpecial(java.lang.Object, java.lang.Object, java.lang.Object, java.lang.Object, java.lang.Object, java.lang.Object, int)'> (0x000000008b1721b8) 
thrown [s\src\hotspot\share\interpreter\linkResolver.cpp, line 759]
Event: 1.241 Thread 0x000001da4b740ba0 Exception <a 'java/lang/NoSuchMethodError'{0x000000008b177208}: 'java.lang.Object java.lang.invoke.DirectMethodHandle$Holder.invokeSpecial(java.lang.Object, java.lang.Object, java.lang.Object, java.lang.Object, java.lang.Object, java.lang.Object, java.lang.Object, int)'> (0x000000008b177208) 
thrown [s\src\hotspot\share\interpreter\linkResolver.cpp, line 759]
Event: 1.280 Thread 0x000001da4b740ba0 Exception <a 'java/lang/NoSuchMethodError'{0x000000008b0ee368}: 'void java.lang.invoke.DirectMethodHandle$Holder.invokeSpecial(java.lang.Object, java.lang.Object, java.lang.Object, java.lang.Object, java.lang.Object)'> (0x000000008b0ee368) 
thrown [s\src\hotspot\share\interpreter\linkResolver.cpp, line 759]
Event: 1.292 Thread 0x000001da4b740ba0 Exception <a 'java/lang/NoSuchMethodError'{0x000000008af4b258}: 'int java.lang.invoke.DirectMethodHandle$Holder.invokeVirtual(java.lang.Object, java.lang.Object)'> (0x000000008af4b258) 
thrown [s\src\hotspot\share\interpreter\linkResolver.cpp, line 759]
Event: 1.315 Thread 0x000001da4b740ba0 Exception <a 'java/lang/NoSuchMethodError'{0x000000008aff3940}: 'java.lang.Object java.lang.invoke.DirectMethodHandle$Holder.invokeSpecial(java.lang.Object, java.lang.Object, java.lang.Object, int, java.lang.Object)'> (0x000000008aff3940) 
thrown [s\src\hotspot\share\interpreter\linkResolver.cpp, line 759]
Event: 1.316 Thread 0x000001da4b740ba0 Exception <a 'java/lang/NoSuchMethodError'{0x000000008affbea8}: 'java.lang.Object java.lang.invoke.DirectMethodHandle$Holder.newInvokeSpecial(java.lang.Object, java.lang.Object, java.lang.Object, int, java.lang.Object)'> (0x000000008affbea8) 
thrown [s\src\hotspot\share\interpreter\linkResolver.cpp, line 759]
Event: 1.317 Thread 0x000001da4b740ba0 Exception <a 'java/lang/NoSuchMethodError'{0x000000008ae038a8}: 'java.lang.Object java.lang.invoke.Invokers$Holder.linkToTargetMethod(java.lang.Object, java.lang.Object, int, java.lang.Object, java.lang.Object)'> (0x000000008ae038a8) 
thrown [s\src\hotspot\share\interpreter\linkResolver.cpp, line 759]
Event: 1.320 Thread 0x000001da4b740ba0 Exception <a 'java/lang/NoSuchMethodError'{0x000000008ae13148}: 'java.lang.Object java.lang.invoke.DirectMethodHandle$Holder.newInvokeSpecial(java.lang.Object, int, java.lang.Object)'> (0x000000008ae13148) 
thrown [s\src\hotspot\share\interpreter\linkResolver.cpp, line 759]
Event: 1.320 Thread 0x000001da4b740ba0 Exception <a 'java/lang/NoSuchMethodError'{0x000000008ae17118}: 'int java.lang.invoke.DirectMethodHandle$Holder.invokeSpecialIFC(java.lang.Object, java.lang.Object, java.lang.Object, java.lang.Object)'> (0x000000008ae17118) 
thrown [s\src\hotspot\share\interpreter\linkResolver.cpp, line 759]
Event: 1.342 Thread 0x000001da4b740ba0 Exception <a 'java/lang/NoSuchMethodError'{0x000000008aeee1d8}: 'void java.lang.invoke.DirectMethodHandle$Holder.invokeInterface(java.lang.Object, java.lang.Object, java.lang.Object)'> (0x000000008aeee1d8) 
thrown [s\src\hotspot\share\interpreter\linkResolver.cpp, line 759]
Event: 1.373 Thread 0x000001da4b740ba0 Exception <a 'java/lang/NoSuchMethodError'{0x000000008ad85d68}: 'java.lang.Object java.lang.invoke.DirectMethodHandle$Holder.invokeVirtual(java.lang.Object, java.lang.Object, java.lang.Object)'> (0x000000008ad85d68) 
thrown [s\src\hotspot\share\interpreter\linkResolver.cpp, line 759]
Event: 1.397 Thread 0x000001da4b740ba0 Exception <a 'java/lang/NoSuchMethodError'{0x000000008ac7e8c0}: 'void java.lang.invoke.DirectMethodHandle$Holder.invokeStatic(java.lang.Object, java.lang.Object, int)'> (0x000000008ac7e8c0) 
thrown [s\src\hotspot\share\interpreter\linkResolver.cpp, line 759]
Event: 1.401 Thread 0x000001da4b740ba0 Exception <a 'java/lang/NoSuchMethodError'{0x000000008ac96f48}: 'void java.lang.invoke.DirectMethodHandle$Holder.invokeStaticInit(java.lang.Object, java.lang.Object, java.lang.Object)'> (0x000000008ac96f48) 
thrown [s\src\hotspot\share\interpreter\linkResolver.cpp, line 759]
Event: 1.406 Thread 0x000001da4b740ba0 Exception <a 'java/lang/NoSuchMethodError'{0x000000008ace0090}: 'java.lang.Object java.lang.invoke.DirectMethodHandle$Holder.invokeStatic(java.lang.Object, java.lang.Object, long, java.lang.Object)'> (0x000000008ace0090) 
thrown [s\src\hotspot\share\interpreter\linkResolver.cpp, line 759]
Event: 1.407 Thread 0x000001da4b740ba0 Exception <a 'java/lang/NoSuchMethodError'{0x000000008ace3b28}: 'java.lang.Object java.lang.invoke.DirectMethodHandle$Holder.invokeStaticInit(java.lang.Object, java.lang.Object, long, java.lang.Object)'> (0x000000008ace3b28) 
thrown [s\src\hotspot\share\interpreter\linkResolver.cpp, line 759]
Event: 1.407 Thread 0x000001da4b740ba0 Exception <a 'java/lang/NoSuchMethodError'{0x000000008acea138}: 'java.lang.Object java.lang.invoke.DirectMethodHandle$Holder.newInvokeSpecial(java.lang.Object, java.lang.Object, long)'> (0x000000008acea138) 
thrown [s\src\hotspot\share\interpreter\linkResolver.cpp, line 759]
Event: 1.424 Thread 0x000001da4b740ba0 Exception <a 'java/lang/NoSuchMethodError'{0x000000008ab589e8}: 'void java.lang.invoke.DirectMethodHandle$Holder.invokeVirtual(java.lang.Object, java.lang.Object, java.lang.Object, java.lang.Object)'> (0x000000008ab589e8) 
thrown [s\src\hotspot\share\interpreter\linkResolver.cpp, line 759]
Event: 1.479 Thread 0x000001da4b740ba0 Exception <a 'java/lang/NoSuchMethodError'{0x000000008a94b398}: 'void java.lang.invoke.DirectMethodHandle$Holder.invokeSpecial(java.lang.Object, java.lang.Object, java.lang.Object)'> (0x000000008a94b398) 
thrown [s\src\hotspot\share\interpreter\linkResolver.cpp, line 759]
Event: 1.484 Thread 0x000001da4b740ba0 Exception <a 'java/lang/IncompatibleClassChangeError'{0x000000008a97d5d8}: Found class java.lang.Object, but interface was expected> (0x000000008a97d5d8) 
thrown [s\src\hotspot\share\interpreter\linkResolver.cpp, line 826]

VM Operations (20 events):
Event: 0.609 Executing VM operation: HandshakeAllThreads
Event: 0.609 Executing VM operation: HandshakeAllThreads done
Event: 0.658 Executing VM operation: HandshakeAllThreads
Event: 0.658 Executing VM operation: HandshakeAllThreads done
Event: 0.662 Executing VM operation: HandshakeAllThreads
Event: 0.662 Executing VM operation: HandshakeAllThreads done
Event: 0.732 Executing VM operation: HandshakeAllThreads
Event: 0.733 Executing VM operation: HandshakeAllThreads done
Event: 0.919 Executing VM operation: G1CollectForAllocation
Event: 0.929 Executing VM operation: G1CollectForAllocation done
Event: 1.027 Executing VM operation: HandshakeAllThreads
Event: 1.027 Executing VM operation: HandshakeAllThreads done
Event: 1.288 Executing VM operation: HandshakeAllThreads
Event: 1.288 Executing VM operation: HandshakeAllThreads done
Event: 1.471 Executing VM operation: HandshakeAllThreads
Event: 1.471 Executing VM operation: HandshakeAllThreads done
Event: 1.476 Executing VM operation: HandshakeAllThreads
Event: 1.476 Executing VM operation: HandshakeAllThreads done
Event: 1.478 Executing VM operation: ICBufferFull
Event: 1.478 Executing VM operation: ICBufferFull done

Memory protections (0 events):
No events

Nmethod flushes (0 events):
No events

Events (20 events):
Event: 0.030 Thread 0x000001da4b740ba0 Thread added: 0x000001da5d741cc0
Event: 0.039 Thread 0x000001da4b740ba0 Thread added: 0x000001da5d7697f0
Event: 0.039 Thread 0x000001da4b740ba0 Thread added: 0x000001da5d758110
Event: 0.039 Thread 0x000001da4b740ba0 Thread added: 0x000001da5d7589e0
Event: 0.040 Thread 0x000001da4b740ba0 Thread added: 0x000001da5d75c2d0
Event: 0.040 Thread 0x000001da4b740ba0 Thread added: 0x000001da5d760240
Event: 0.040 Thread 0x000001da4b740ba0 Thread added: 0x000001da5d771fb0
Event: 0.148 Thread 0x000001da4b740ba0 Thread added: 0x000001da5d72b070
Event: 0.153 Thread 0x000001da5d760240 Thread added: 0x000001da5d85d920
Event: 0.154 Thread 0x000001da5d85d920 Thread added: 0x000001da5d85ff00
Event: 0.155 Thread 0x000001da5d85d920 Thread added: 0x000001da5d860650
Event: 0.289 Thread 0x000001da4b740ba0 Thread added: 0x000001da5dba63e0
Event: 0.289 Thread 0x000001da4b740ba0 Thread added: 0x000001da5dba68c0
Event: 0.597 Thread 0x000001da4b740ba0 Thread added: 0x000001da621d2330
Event: 0.684 Thread 0x000001da621d2330 Thread added: 0x000001da623f2170
Event: 0.721 Thread 0x000001da623f2170 Thread added: 0x000001da62411150
Event: 0.731 Thread 0x000001da623f2170 Thread added: 0x000001da624118a0
Event: 1.482 Thread 0x000001da4b740ba0 Thread added: 0x000001da62716540
Event: 1.529 Thread 0x000001da621d2330 Thread added: 0x000001da62717e90
Event: 1.531 Thread 0x000001da62717e90 Thread added: 0x000001da62716a50


Dynamic libraries:
0x00007ff75d250000 - 0x00007ff75d25e000 	C:\Users\LG\.jdks\ms-17.0.15\bin\java.exe
0x00007ffd317b0000 - 0x00007ffd319c7000 	C:\WINDOWS\SYSTEM32\ntdll.dll
0x00007ffd30220000 - 0x00007ffd302e4000 	C:\WINDOWS\System32\KERNEL32.DLL
0x00007ffd2ed10000 - 0x00007ffd2f0e3000 	C:\WINDOWS\System32\KERNELBASE.dll
0x00007ffd2eb70000 - 0x00007ffd2ec81000 	C:\WINDOWS\System32\ucrtbase.dll
0x00007ffd14c10000 - 0x00007ffd14c2d000 	C:\Users\LG\.jdks\ms-17.0.15\bin\VCRUNTIME140.dll
0x00007ffd15660000 - 0x00007ffd15677000 	C:\Users\LG\.jdks\ms-17.0.15\bin\jli.dll
0x00007ffd303d0000 - 0x00007ffd30581000 	C:\WINDOWS\System32\USER32.dll
0x00007ffd2f380000 - 0x00007ffd2f3a6000 	C:\WINDOWS\System32\win32u.dll
0x00007ffd30d40000 - 0x00007ffd30d69000 	C:\WINDOWS\System32\GDI32.dll
0x00007ffd2f260000 - 0x00007ffd2f37b000 	C:\WINDOWS\System32\gdi32full.dll
0x00007ffd2f3b0000 - 0x00007ffd2f44a000 	C:\WINDOWS\System32\msvcp_win.dll
0x00007ffd18800000 - 0x00007ffd18a98000 	C:\WINDOWS\WinSxS\amd64_microsoft.windows.common-controls_6595b64144ccf1df_6.0.22621.5124_none_270e8f4f7386d69d\COMCTL32.dll
0x00007ffd2f830000 - 0x00007ffd2f8d7000 	C:\WINDOWS\System32\msvcrt.dll
0x00007ffd2fe80000 - 0x00007ffd2feb1000 	C:\WINDOWS\System32\IMM32.DLL
0x00007ffd23800000 - 0x00007ffd2380c000 	C:\Users\LG\.jdks\ms-17.0.15\bin\vcruntime140_1.dll
0x00007ffcfd160000 - 0x00007ffcfd1ed000 	C:\Users\LG\.jdks\ms-17.0.15\bin\msvcp140.dll
0x00007ffca4b50000 - 0x00007ffca57c2000 	C:\Users\LG\.jdks\ms-17.0.15\bin\server\jvm.dll
0x00007ffd2fce0000 - 0x00007ffd2fd91000 	C:\WINDOWS\System32\ADVAPI32.dll
0x00007ffd30590000 - 0x00007ffd30638000 	C:\WINDOWS\System32\sechost.dll
0x00007ffd2f230000 - 0x00007ffd2f258000 	C:\WINDOWS\System32\bcrypt.dll
0x00007ffd30100000 - 0x00007ffd30214000 	C:\WINDOWS\System32\RPCRT4.dll
0x00007ffd2fe00000 - 0x00007ffd2fe71000 	C:\WINDOWS\System32\WS2_32.dll
0x00007ffd2d740000 - 0x00007ffd2d78d000 	C:\WINDOWS\SYSTEM32\POWRPROF.dll
0x00007ffd2c170000 - 0x00007ffd2c1a4000 	C:\WINDOWS\SYSTEM32\WINMM.dll
0x00007ffd28860000 - 0x00007ffd2886a000 	C:\WINDOWS\SYSTEM32\VERSION.dll
0x00007ffd2d720000 - 0x00007ffd2d733000 	C:\WINDOWS\SYSTEM32\UMPDC.dll
0x00007ffd2d9e0000 - 0x00007ffd2d9f8000 	C:\WINDOWS\SYSTEM32\kernel.appcore.dll
0x00007ffd16aa0000 - 0x00007ffd16aaa000 	C:\Users\LG\.jdks\ms-17.0.15\bin\jimage.dll
0x00007ffd2bef0000 - 0x00007ffd2c122000 	C:\WINDOWS\SYSTEM32\DBGHELP.DLL
0x00007ffd2f940000 - 0x00007ffd2fcd2000 	C:\WINDOWS\System32\combase.dll
0x00007ffd302f0000 - 0x00007ffd303c7000 	C:\WINDOWS\System32\OLEAUT32.dll
0x00007ffd2beb0000 - 0x00007ffd2bee2000 	C:\WINDOWS\SYSTEM32\dbgcore.DLL
0x00007ffd2eaf0000 - 0x00007ffd2eb6b000 	C:\WINDOWS\System32\bcryptPrimitives.dll
0x00007ffd15650000 - 0x00007ffd1565e000 	C:\Users\LG\.jdks\ms-17.0.15\bin\instrument.dll
0x00007ffd019e0000 - 0x00007ffd01a05000 	C:\Users\LG\.jdks\ms-17.0.15\bin\java.dll
0x00007ffcf6430000 - 0x00007ffcf6506000 	C:\Users\LG\.jdks\ms-17.0.15\bin\jsvml.dll
0x00007ffd30d70000 - 0x00007ffd31606000 	C:\WINDOWS\System32\SHELL32.dll
0x00007ffd2f0f0000 - 0x00007ffd2f22f000 	C:\WINDOWS\System32\wintypes.dll
0x00007ffd2c7f0000 - 0x00007ffd2d10a000 	C:\WINDOWS\SYSTEM32\windows.storage.dll
0x00007ffd2fec0000 - 0x00007ffd2ffca000 	C:\WINDOWS\System32\SHCORE.dll
0x00007ffd30090000 - 0x00007ffd300f3000 	C:\WINDOWS\System32\shlwapi.dll
0x00007ffd2e7f0000 - 0x00007ffd2e81b000 	C:\WINDOWS\SYSTEM32\profapi.dll
0x00007ffd14bf0000 - 0x00007ffd14c08000 	C:\Users\LG\.jdks\ms-17.0.15\bin\zip.dll
0x00007ffd03c80000 - 0x00007ffd03c9a000 	C:\Users\LG\.jdks\ms-17.0.15\bin\net.dll
0x00007ffd2a4a0000 - 0x00007ffd2a5cc000 	C:\WINDOWS\SYSTEM32\WINHTTP.dll
0x00007ffd2de60000 - 0x00007ffd2deca000 	C:\WINDOWS\system32\mswsock.dll
0x00007ffd01de0000 - 0x00007ffd01df6000 	C:\Users\LG\.jdks\ms-17.0.15\bin\nio.dll
0x00007ffd2d450000 - 0x00007ffd2d552000 	C:\WINDOWS\SYSTEM32\DNSAPI.dll
0x00007ffd2d3e0000 - 0x00007ffd2d40d000 	C:\WINDOWS\SYSTEM32\IPHLPAPI.DLL
0x00007ffd2ffd0000 - 0x00007ffd2ffd9000 	C:\WINDOWS\System32\NSI.dll
0x00007ffd078b0000 - 0x00007ffd078b9000 	C:\Users\LG\.jdks\ms-17.0.15\bin\extnet.dll
0x00007ffd288a0000 - 0x00007ffd288aa000 	C:\Windows\System32\rasadhlp.dll
0x00007ffd284d0000 - 0x00007ffd28553000 	C:\WINDOWS\System32\fwpuclnt.dll
0x00007ffd0a010000 - 0x00007ffd0a01a000 	C:\Users\LG\.jdks\ms-17.0.15\bin\management.dll
0x00007ffd078e0000 - 0x00007ffd078eb000 	C:\Users\LG\.jdks\ms-17.0.15\bin\management_ext.dll
0x00007ffd30640000 - 0x00007ffd30648000 	C:\WINDOWS\System32\PSAPI.DLL
0x00007ffd2e0b0000 - 0x00007ffd2e0cb000 	C:\WINDOWS\SYSTEM32\CRYPTSP.dll
0x00007ffd2d940000 - 0x00007ffd2d977000 	C:\WINDOWS\system32\rsaenh.dll
0x00007ffd2df50000 - 0x00007ffd2df78000 	C:\WINDOWS\SYSTEM32\USERENV.dll
0x00007ffd2e0d0000 - 0x00007ffd2e0dc000 	C:\WINDOWS\SYSTEM32\CRYPTBASE.dll
0x00007ffd28e80000 - 0x00007ffd28e99000 	C:\WINDOWS\SYSTEM32\dhcpcsvc6.DLL
0x00007ffd28e60000 - 0x00007ffd28e7f000 	C:\WINDOWS\SYSTEM32\dhcpcsvc.DLL
0x00007ffd192a0000 - 0x00007ffd192b7000 	C:\WINDOWS\system32\napinsp.dll
0x00007ffd15510000 - 0x00007ffd1552b000 	C:\WINDOWS\system32\pnrpnsp.dll
0x00007ffd149d0000 - 0x00007ffd149e1000 	C:\WINDOWS\System32\winrnr.dll
0x00007ffd29170000 - 0x00007ffd29185000 	C:\WINDOWS\system32\wshbth.dll
0x00007ffd149a0000 - 0x00007ffd149c7000 	C:\WINDOWS\system32\nlansp_c.dll
0x00007ffd03bd0000 - 0x00007ffd03c20000 	C:\WINDOWS\SYSTEM32\pdh.dll

dbghelp: loaded successfully - version: 4.0.5 - missing functions: none
symbol engine: initialized successfully - sym options: 0x614 - pdb path: .;C:\Users\LG\.jdks\ms-17.0.15\bin;C:\WINDOWS\SYSTEM32;C:\WINDOWS\WinSxS\amd64_microsoft.windows.common-controls_6595b64144ccf1df_6.0.22621.5124_none_270e8f4f7386d69d;C:\Users\LG\.jdks\ms-17.0.15\bin\server

VM Arguments:
jvm_args: -XX:TieredStopAtLevel=1 -Dspring.output.ansi.enabled=always -Dcom.sun.management.jmxremote -Dspring.jmx.enabled=true -Dspring.liveBeansView.mbeanDomain -Dspring.application.admin.enabled=true -Dmanagement.endpoints.jmx.exposure.include=* -javaagent:C:\Program Files\JetBrains\IntelliJ IDEA 2022.3.2\lib\idea_rt.jar=65227 -Dfile.encoding=UTF-8 
java_command: hpbao.WellnessPlatformApplication
java_class_path (initial): C:\Users\LG\Documents\\Hpbao\wellness-platform\out\production\classes;C:\Users\LG\Documents\\Hpbao\wellness-platform\out\production\resources;C:\Users\LG\.gradle\caches\modules-2\files-2.1\org.projectlombok\lombok\1.18.34\ec547ef414ab1d2c040118fb9c1c265ada63af14\lombok-1.18.34.jar;C:\Users\LG\.gradle\caches\modules-2\files-2.1\org.springframework.boot\spring-boot-starter-thymeleaf\3.3.4\29c4b1acf955b350bf7d8fd201798d30647fb89e\spring-boot-starter-thymeleaf-3.3.4.jar;C:\Users\LG\.gradle\caches\modules-2\files-2.1\org.springframework.boot\spring-boot-starter-web\3.3.4\b43a9fd107611337777b47dc7518e2aca59e58eb\spring-boot-starter-web-3.3.4.jar;C:\Users\LG\.gradle\caches\modules-2\files-2.1\org.springframework.boot\spring-boot-starter-data-jpa\3.3.4\60df2a5bea8752fb215f3c8e1dffeb3554773a49\spring-boot-starter-data-jpa-3.3.4.jar;C:\Users\LG\.gradle\caches\modules-2\files-2.1\org.springframework.boot\spring-boot-starter-validation\3.3.4\cd5e06f484dc2825a8d9704a2093a72587af2b58\spring-boot-starter-validation-3.3.4.jar;C:\Users\LG\.gradle\caches\modules-2\files-2.1\org.springframework.boot\spring-boot-starter\3.3.4\f02312a6816fb439a55d2920b9af8f0f8abf5bac\spring-boot-starter-3.3.4.jar;C:\Users\LG\.gradle\caches\modules-2\files-2.1\org.thymeleaf\thymeleaf-spring6\3.1.2.RELEASE\6030c7b4e260c41336f378e53da6e8531263f24b\thymeleaf-spring6-3.1.2.RELEASE.jar;C:\Users\LG\.gradle\caches\modules-2\files-2.1\org.springframework.boot\spring-boot-starter-json\3.3.4\816ab4ccd364350e3d0b5c1d53c2e5302a49eae6\spring-boot-starter-json-3.3.4.jar;C:\Users\LG\.gradle\caches\modules-2\files-2.1\org.springframework.boot\spring-boot-starter-tomcat\3.3.4\7e552e904d54a0bd3f2ac8666e3344caa799a181\spring-boot-starter-tomcat-3.3.4.jar;C:\Users\LG\.gradle\caches\modules-2\files-2.1\org.springframework\spring-webmvc\6.1.13\ca5f025b133c69026bfe01daa6132d0ac2e4a59f\spring-webmvc-6.1.13.jar;C:\Users\LG\.gradle\caches\modules-2\files-2.1\org.springframework\spring-
Launcher Type: SUN_STANDARD

[Global flags]
     intx CICompilerCount                          = 4                                         {product} {ergonomic}
     uint ConcGCThreads                            = 2                                         {product} {ergonomic}
     uint G1ConcRefinementThreads                  = 8                                         {product} {ergonomic}
   size_t G1HeapRegionSize                         = 1048576                                   {product} {ergonomic}
    uintx GCDrainStackTargetSize                   = 64                                        {product} {ergonomic}
   size_t InitialHeapSize                          = 130023424                                 {product} {ergonomic}
     bool ManagementServer                         = true                                      {product} {command line}
   size_t MarkStackSize                            = 4194304                                   {product} {ergonomic}
   size_t MaxHeapSize                              = 2080374784                                {product} {ergonomic}
   size_t MaxNewSize                               = 1247805440                                {product} {ergonomic}
   size_t MinHeapDeltaBytes                        = 1048576                                   {product} {ergonomic}
   size_t MinHeapSize                              = 8388608                                   {product} {ergonomic}
    uintx NonProfiledCodeHeapSize                  = 0                                      {pd product} {ergonomic}
     bool ProfileInterpreter                       = false                                  {pd product} {command line}
    uintx ProfiledCodeHeapSize                     = 0                                      {pd product} {ergonomic}
   size_t SoftMaxHeapSize                          = 2080374784                             {manageable} {ergonomic}
     intx TieredStopAtLevel                        = 1                                         {product} {command line}
     bool UseCompressedClassPointers               = true                           {product lp64_product} {ergonomic}
     bool UseCompressedOops                        = true                           {product lp64_product} {ergonomic}
     bool UseG1GC                                  = true                                      {product} {ergonomic}
     bool UseLargePagesIndividualAllocation        = false                                  {pd product} {ergonomic}

Logging:
Log output configuration:
 #0: stdout all=warning uptime,level,tags
 #1: stderr all=off uptime,level,tags

Environment Variables:
JAVA_HOME=C:\Users\LG\.jdks\corretto-17.0.7
CLASSPATH=C:\Users\LG\.jdks\corretto-17.0.7\lib
PATH=C:\Users\LG\.jdks\corretto-17.0.7\bin;C:\Windows\system32;C:\Windows;C:\Windows\System32\Wbem;C:\Windows\System32\WindowsPowerShell\v1.0\;C:\Windows\System32\OpenSSH\;C:\Program Files (x86)\NVIDIA Corporation\PhysX\Common;C:\Program Files\NVIDIA Corporation\NVIDIA NvDLISR;C:\Program Files\jdk-17.0.7\bin;;C:\WINDOWS\system32;C:\WINDOWS;C:\WINDOWS\System32\Wbem;C:\WINDOWS\System32\WindowsPowerShell\v1.0\;C:\WINDOWS\System32\OpenSSH\;C:\Program Files\nodejs\;C:\Users\LG\AppData\Local\Microsoft\WindowsApps;;C:\Users\LG\AppData\Local\Programs\Microsoft VS Code\bin;C:\Users\LG\AppData\Roaming\npm
USERNAME=LG
OS=Windows_NT
PROCESSOR_IDENTIFIER=Intel64 Family 6 Model 140 Stepping 1, GenuineIntel
TMP=C:\Users\LG\AppData\Local\Temp
TEMP=C:\Users\LG\AppData\Local\Temp



Periodic native trim disabled


---------------  S Y S T E M  ---------------

OS:
 Windows 11 , 64 bit Build 22621 (10.0.22621.5124)
OS uptime: 20 days 18:49 hours

CPU: total 8 (initial active 8) (4 cores per cpu, 2 threads per core) family 6 model 140 stepping 1 microcode 0x6e, cx8, cmov, fxsr, ht, mmx, 3dnowpref, sse, sse2, sse3, ssse3, sse4.1, sse4.2, popcnt, lzcnt, tsc, tscinvbit, avx, avx2, aes, erms, clmul, bmi1, bmi2, adx, avx512f, avx512dq, avx512cd, avx512bw, avx512vl, sha, fma, vzeroupper, avx512_vpopcntdq, avx512_vpclmulqdq, avx512_vaes, avx512_vnni, clflush, clflushopt, clwb, avx512_vbmi2, avx512_vbmi
Processor Information for the first 8 processors :
  Max Mhz: 2803, Current Mhz: 2803, Mhz Limit: 2803

Memory: 4k page, system-wide physical 7932M (420M free)
TotalPageFile size 32508M (AvailPageFile size 284M)
current process WorkingSet (physical memory assigned to process): 92M, peak: 92M
current process commit charge ("private bytes"): 229M, peak: 229M

vm_info: OpenJDK 64-Bit Server VM (17.0.15+6-LTS) for windows-amd64 JRE (17.0.15+6-LTS), built on Apr  9 2025 22:27:25 by "MicrosoftCorporation" with unknown MS VC++:1939

END.
