#
# There is insufficient memory for the Java Runtime Environment to continue.
# Native memory allocation (mmap) failed to map 130023424 bytes for G1 virtual space
# Possible reasons:
#   The system is out of physical RAM or swap space
#   The process is running with CompressedOops enabled, and the Java Heap may be blocking the growth of the native heap
# Possible solutions:
#   Reduce memory load on the system
#   Increase physical memory or swap space
#   Check if swap backing store is full
#   Decrease Java heap size (-Xmx/-Xms)
#   Decrease number of Java threads
#   Decrease Java thread stack sizes (-Xss)
#   Set larger code cache with -XX:ReservedCodeCacheSize=
#   JVM is running with Unscaled Compressed Oops mode in which the Java heap is
#     placed in the first 4GB address space. The Java Heap base address is the
#     maximum limit for the native heap growth. Please use -XX:HeapBaseMinAddress
#     to set the Java Heap base and to place the Java Heap above 4GB virtual address.
# This output file may be truncated or incomplete.
#
#  Out of Memory Error (os_windows.cpp:3600), pid=39132, tid=32172
#
# JRE version:  (21.0.2+13) (build )
# Java VM: OpenJDK 64-Bit Server VM (21.0.2+13-58, mixed mode, emulated-client, sharing, tiered, compressed oops, compressed class ptrs, g1 gc, windows-amd64)
# No core dump will be written. Minidumps are not enabled by default on client versions of Windows
#

---------------  S U M M A R Y ------------

Command Line: -XX:TieredStopAtLevel=1 -Dspring.output.ansi.enabled=always -Dcom.sun.management.jmxremote -Dspring.jmx.enabled=true -Dspring.liveBeansView.mbeanDomain -Dspring.application.admin.enabled=true -Dmanagement.endpoints.jmx.exposure.include=* -javaagent:C:\Program Files\JetBrains\IntelliJ IDEA 2022.3.2\lib\idea_rt.jar=49754 -Dfile.encoding=UTF-8 -Dsun.stdout.encoding=UTF-8 -Dsun.stderr.encoding=UTF-8 hpbao.WellnessPlatformApplication

Host: 11th Gen Intel(R) Core(TM) i7-1165G7 @ 2.80GHz, 8 cores, 7G,  Windows 11 , 64 bit Build 22621 (10.0.22621.5124)
Time: Fri May 16 00:31:31 2025  Windows 11 , 64 bit Build 22621 (10.0.22621.5124) elapsed time: 0.031769 seconds (0d 0h 0m 0s)

---------------  T H R E A D  ---------------

Current thread (0x000001bccf4f0610):  JavaThread "Unknown thread" [_thread_in_vm, id=32172, stack(0x0000001346d00000,0x0000001346e00000) (1024K)]

Stack: [0x0000001346d00000,0x0000001346e00000]
Native frames: (J=compiled Java code, j=interpreted, Vv=VM code, C=native code)
V  [jvm.dll+0x6cade9]
V  [jvm.dll+0x8569c1]
V  [jvm.dll+0x858d2e]
V  [jvm.dll+0x859413]
V  [jvm.dll+0x280e56]
V  [jvm.dll+0x6c74d5]
V  [jvm.dll+0x6bbeca]
V  [jvm.dll+0x355bca]
V  [jvm.dll+0x35d816]
V  [jvm.dll+0x3ae67e]
V  [jvm.dll+0x3ae928]
V  [jvm.dll+0x3295dc]
V  [jvm.dll+0x32a16b]
V  [jvm.dll+0x81efa9]
V  [jvm.dll+0x3bba01]
V  [jvm.dll+0x807928]
V  [jvm.dll+0x44f50e]
V  [jvm.dll+0x450e11]
C  [jli.dll+0x52a3]
C  [ucrtbase.dll+0x29333]
C  [KERNEL32.DLL+0x1259d]
C  [ntdll.dll+0x5af38]


---------------  P R O C E S S  ---------------

Threads class SMR info:
_java_thread_list=0x00007ffca3a5bb88, length=0, elements={
}

Java Threads: ( => current thread )
Total: 0

Other Threads:
  0x000001bccf6d0c60 WorkerThread "GC Thread#0"                     [id=35596, stack(0x0000001346e00000,0x0000001346f00000) (1024K)]
  0x000001bccf6e15f0 ConcurrentGCThread "G1 Main Marker"            [id=38976, stack(0x0000001346f00000,0x0000001347000000) (1024K)]
  0x000001bccf6e2890 WorkerThread "G1 Conc#0"                       [id=34900, stack(0x0000001347000000,0x0000001347100000) (1024K)]

[error occurred during error reporting (printing all threads), id 0xc0000005, EXCEPTION_ACCESS_VIOLATION (0xc0000005) at pc=0x00007ffca31cc6a7]
VM state: not at safepoint (not fully initialized)

VM Mutex/Monitor currently owned by a thread:  ([mutex/lock_event])
[0x00007ffca3acce68] Heap_lock - owner thread: 0x000001bccf4f0610

Heap address: 0x0000000084000000, size: 1984 MB, Compressed Oops mode: 32-bit

CDS archive(s) mapped at: [0x0000000000000000-0x0000000000000000-0x0000000000000000), size 0, SharedBaseAddress: 0x0000000800000000, ArchiveRelocationMode: 1.
Narrow klass base: 0x0000000000000000, Narrow klass shift: 0, Narrow klass range: 0x0

GC Precious Log:
 CardTable entry size: 512
 Card Set container configuration: InlinePtr #cards 5 size 8 Array Of Cards #cards 12 size 40 Howl #buckets 4 coarsen threshold 1843 Howl Bitmap #cards 512 size 80 coarsen threshold 460 Card regions per heap region 1 cards per card region 2048

Heap:
 garbage-first heap   total 0K, used 0K [0x0000000084000000, 0x0000000100000000)
  region size 1024K, 0 young (0K), 0 survivors (0K)

[error occurred during error reporting (printing heap information), id 0xc0000005, EXCEPTION_ACCESS_VIOLATION (0xc0000005) at pc=0x00007ffca35b39f9]
GC Heap History (0 events):
No events

Dll operation events (1 events):
Event: 0.021 Loaded shared library C:\Users\LG\.jdks\openjdk-21.0.2\bin\java.dll

Deoptimization events (0 events):
No events

Classes loaded (0 events):
No events

Classes unloaded (0 events):
No events

Classes redefined (0 events):
No events

Internal exceptions (0 events):
No events

ZGC Phase Switch (0 events):
No events

VM Operations (0 events):
No events

Events (0 events):
No events


Dynamic libraries:
0x00007ff68fa70000 - 0x00007ff68fa7e000 	C:\Users\LG\.jdks\openjdk-21.0.2\bin\java.exe
0x00007ffd317b0000 - 0x00007ffd319c7000 	C:\WINDOWS\SYSTEM32\ntdll.dll
0x00007ffd30220000 - 0x00007ffd302e4000 	C:\WINDOWS\System32\KERNEL32.DLL
0x00007ffd2ed10000 - 0x00007ffd2f0e3000 	C:\WINDOWS\System32\KERNELBASE.dll
0x00007ffd2eb70000 - 0x00007ffd2ec81000 	C:\WINDOWS\System32\ucrtbase.dll
0x00007ffd0a350000 - 0x00007ffd0a368000 	C:\Users\LG\.jdks\openjdk-21.0.2\bin\jli.dll
0x00007ffd16ac0000 - 0x00007ffd16adb000 	C:\Users\LG\.jdks\openjdk-21.0.2\bin\VCRUNTIME140.dll
0x00007ffd303d0000 - 0x00007ffd30581000 	C:\WINDOWS\System32\USER32.dll
0x00007ffd2f380000 - 0x00007ffd2f3a6000 	C:\WINDOWS\System32\win32u.dll
0x00007ffd30d40000 - 0x00007ffd30d69000 	C:\WINDOWS\System32\GDI32.dll
0x00007ffd2f260000 - 0x00007ffd2f37b000 	C:\WINDOWS\System32\gdi32full.dll
0x00007ffd18800000 - 0x00007ffd18a98000 	C:\WINDOWS\WinSxS\amd64_microsoft.windows.common-controls_6595b64144ccf1df_6.0.22621.5124_none_270e8f4f7386d69d\COMCTL32.dll
0x00007ffd2f3b0000 - 0x00007ffd2f44a000 	C:\WINDOWS\System32\msvcp_win.dll
0x00007ffd2f830000 - 0x00007ffd2f8d7000 	C:\WINDOWS\System32\msvcrt.dll
0x00007ffd2fe80000 - 0x00007ffd2feb1000 	C:\WINDOWS\System32\IMM32.DLL
0x00007ffd0a340000 - 0x00007ffd0a34c000 	C:\Users\LG\.jdks\openjdk-21.0.2\bin\vcruntime140_1.dll
0x00007ffce60c0000 - 0x00007ffce614e000 	C:\Users\LG\.jdks\openjdk-21.0.2\bin\msvcp140.dll
0x00007ffca2e90000 - 0x00007ffca3ba7000 	C:\Users\LG\.jdks\openjdk-21.0.2\bin\server\jvm.dll
0x00007ffd2fce0000 - 0x00007ffd2fd91000 	C:\WINDOWS\System32\ADVAPI32.dll
0x00007ffd30590000 - 0x00007ffd30638000 	C:\WINDOWS\System32\sechost.dll
0x00007ffd2f230000 - 0x00007ffd2f258000 	C:\WINDOWS\System32\bcrypt.dll
0x00007ffd30100000 - 0x00007ffd30214000 	C:\WINDOWS\System32\RPCRT4.dll
0x00007ffd2fe00000 - 0x00007ffd2fe71000 	C:\WINDOWS\System32\WS2_32.dll
0x00007ffd2c170000 - 0x00007ffd2c1a4000 	C:\WINDOWS\SYSTEM32\WINMM.dll
0x00007ffd2d740000 - 0x00007ffd2d78d000 	C:\WINDOWS\SYSTEM32\POWRPROF.dll
0x00007ffd28860000 - 0x00007ffd2886a000 	C:\WINDOWS\SYSTEM32\VERSION.dll
0x00007ffd2d720000 - 0x00007ffd2d733000 	C:\WINDOWS\SYSTEM32\UMPDC.dll
0x00007ffd2d9e0000 - 0x00007ffd2d9f8000 	C:\WINDOWS\SYSTEM32\kernel.appcore.dll
0x00007ffd07410000 - 0x00007ffd0741a000 	C:\Users\LG\.jdks\openjdk-21.0.2\bin\jimage.dll
0x00007ffd2bef0000 - 0x00007ffd2c122000 	C:\WINDOWS\SYSTEM32\DBGHELP.DLL
0x00007ffd2f940000 - 0x00007ffd2fcd2000 	C:\WINDOWS\System32\combase.dll
0x00007ffd302f0000 - 0x00007ffd303c7000 	C:\WINDOWS\System32\OLEAUT32.dll
0x00007ffd2beb0000 - 0x00007ffd2bee2000 	C:\WINDOWS\SYSTEM32\dbgcore.DLL
0x00007ffd2eaf0000 - 0x00007ffd2eb6b000 	C:\WINDOWS\System32\bcryptPrimitives.dll
0x00007ffd04240000 - 0x00007ffd0424f000 	C:\Users\LG\.jdks\openjdk-21.0.2\bin\instrument.dll
0x00007ffd01770000 - 0x00007ffd0178f000 	C:\Users\LG\.jdks\openjdk-21.0.2\bin\java.dll

dbghelp: loaded successfully - version: 4.0.5 - missing functions: none
symbol engine: initialized successfully - sym options: 0x614 - pdb path: .;C:\Users\LG\.jdks\openjdk-21.0.2\bin;C:\WINDOWS\SYSTEM32;C:\WINDOWS\WinSxS\amd64_microsoft.windows.common-controls_6595b64144ccf1df_6.0.22621.5124_none_270e8f4f7386d69d;C:\Users\LG\.jdks\openjdk-21.0.2\bin\server

VM Arguments:
jvm_args: -XX:TieredStopAtLevel=1 -Dspring.output.ansi.enabled=always -Dcom.sun.management.jmxremote -Dspring.jmx.enabled=true -Dspring.liveBeansView.mbeanDomain -Dspring.application.admin.enabled=true -Dmanagement.endpoints.jmx.exposure.include=* -javaagent:C:\Program Files\JetBrains\IntelliJ IDEA 2022.3.2\lib\idea_rt.jar=49754 -Dfile.encoding=UTF-8 -Dsun.stdout.encoding=UTF-8 -Dsun.stderr.encoding=UTF-8 
java_command: hpbao.WellnessPlatformApplication
java_class_path (initial): C:\Users\LG\Documents\프로젝트\Hpbao\wellness-platform\out\production\classes;C:\Users\LG\Documents\프로젝트\Hpbao\wellness-platform\out\production\resources;C:\Users\LG\.gradle\caches\modules-2\files-2.1\org.projectlombok\lombok\1.18.38\57f8f5e02e92a30fd21b80cbd426a4172b5f8e29\lombok-1.18.38.jar;C:\Users\LG\.gradle\caches\modules-2\files-2.1\org.springframework.boot\spring-boot-starter-thymeleaf\3.3.11\b3b1ec75df1fc33482fe3f8794b046f3c03b99b4\spring-boot-starter-thymeleaf-3.3.11.jar;C:\Users\LG\.gradle\caches\modules-2\files-2.1\org.springframework.boot\spring-boot-starter-web\3.3.11\a447c26f78b6023366143c13d8836082462fb5ed\spring-boot-starter-web-3.3.11.jar;C:\Users\LG\.gradle\caches\modules-2\files-2.1\org.springframework.boot\spring-boot-starter-data-jpa\3.3.11\4eaabff04aa5db305ea558d71b8bdd601417781d\spring-boot-starter-data-jpa-3.3.11.jar;C:\Users\LG\.gradle\caches\modules-2\files-2.1\org.springframework.boot\spring-boot-starter-validation\3.3.11\a27f446896ce5906bc66460b898261087e015cd7\spring-boot-starter-validation-3.3.11.jar;C:\Users\LG\.gradle\caches\modules-2\files-2.1\org.springframework.boot\spring-boot-starter\3.3.11\8ae992c2c40c454b1ac8887046d6202893e18b25\spring-boot-starter-3.3.11.jar;C:\Users\LG\.gradle\caches\modules-2\files-2.1\org.thymeleaf\thymeleaf-spring6\3.1.3.RELEASE\4b276ea2bd536a18e44b40ff1d9f4848965ff59c\thymeleaf-spring6-3.1.3.RELEASE.jar;C:\Users\LG\.gradle\caches\modules-2\files-2.1\org.springframework.boot\spring-boot-starter-json\3.3.11\61bcbbf63cbaeb35f8dda102f78d32e299d078b7\spring-boot-starter-json-3.3.11.jar;C:\Users\LG\.gradle\caches\modules-2\files-2.1\org.springframework.boot\spring-boot-starter-tomcat\3.3.11\8bd6bf37b59c7855a62b1b7699ea9014aa41761d\spring-boot-starter-tomcat-3.3.11.jar;C:\Users\LG\.gradle\caches\modules-2\files-2.1\org.springframework\spring-webmvc\6.1.19\30945e1ae7512aef8b10f035e59df758c0808458\spring-webmvc-6.1.19.jar;C:\Users\LG\.gradle\caches\modules-2\files-2.1\org.springframework\spring-web\6.1.19\86ee75c9042bff1c1e59e35ad15a8f9385b45f0f\spring-web-6.1.19.jar;C:\Users\LG\.gradle\caches\modules-2\files-2.1\org.springframework.boot\spring-boot-starter-aop\3.3.11\5a39659af203edf20aef41e55fe5ddfd96f597f6\spring-boot-starter-aop-3.3.11.jar;C:\Users\LG\.gradle\caches\modules-2\files-2.1\org.springframework.boot\spring-boot-starter-jdbc\3.3.11\39d06aa9201223f0f91bcfd28fa556bd2189d187\spring-boot-starter-jdbc-3.3.11.jar;C:\Users\LG\.gradle\caches\modules-2\files-2.1\org.hibernate.orm\hibernate-core\6.5.3.Final\1e23c320a5d10f5eaecbd23095fca5c5c83c1fb5\hibernate-core-6.5.3.Final.jar;C:\Users\LG\.gradle\caches\modules-2\files-2.1\org.springframework.data\spring-data-jpa\3.3.11\79e76f111614913a8e3e45f7e7ab6533f37078a1\spring-data-jpa-3.3.11.jar;C:\Users\LG\.gradle\caches\modules-2\files-2.1\org.springframework\spring-aspects\6.1.19\7bc7d3ac5bc50a119c1a1018740c8d34253eb7f1\spring-aspects-6.1.19.jar;C:\Users\LG\.gradle\caches\modules-2\files-2.1\org.apache.tomcat.embed\tomcat-embed-el\10.1.40\1b321790508c1d410689b4f496dae18a97fa6ae9\tomcat-embed-el-10.1.40.jar;C:\Users\LG\.gradle\caches\modules-2\files-2.1\org.hibernate.validator\hibernate-validator\8.0.2.Final\220e64815dd87535525331de20570017f899eb13\hibernate-validator-8.0.2.Final.jar;C:\Users\LG\.gradle\caches\modules-2\files-2.1\org.springframework.boot\spring-boot-autoconfigure\3.3.11\322a02cfbd787e408aa122c4e76b79e12e830a0e\spring-boot-autoconfigure-3.3.11.jar;C:\Users\LG\.gradle\caches\modules-2\files-2.1\org.springframework.boot\spring-boot\3.3.11\b1f0b53e38e2bf45eae8f5bd27983a07bdeaac30\spring-boot-3.3.11.jar;C:\Users\LG\.gradle\caches\modules-2\files-2.1\org.springframework.boot\spring-boot-starter-logging\3.3.11\9dac170f164a0dedf7b4e12032954ba0af01f606\spring-boot-starter-logging-3.3.11.jar;C:\Users\LG\.gradle\caches\modules-2\files-2.1\jakarta.annotation\jakarta.annotation-api\2.1.1\48b9bda22b091b1f48b13af03fe36db3be6e1ae3\jakarta.annotation-api-2.1.1.jar;C:\Users\LG\.gradle\caches\modules-2\files-2.1\org.springframework\spring-core\6.1.19\85718bafdeda6c6b4b0782afda2002299c3f918a\spring-core-6.1.19.jar;C:\Users\LG\.gradle\caches\modules-2\files-2.1\org.yaml\snakeyaml\2.2\3af797a25458550a16bf89acc8e4ab2b7f2bfce0\snakeyaml-2.2.jar;C:\Users\LG\.gradle\caches\modules-2\files-2.1\org.thymeleaf\thymeleaf\3.1.3.RELEASE\51474f2a90b282ee97dabcd159c7faf24790f373\thymeleaf-3.1.3.RELEASE.jar;C:\Users\LG\.gradle\caches\modules-2\files-2.1\org.slf4j\slf4j-api\2.0.17\d9e58ac9c7779ba3bf8142aff6c830617a7fe60f\slf4j-api-2.0.17.jar;C:\Users\LG\.gradle\caches\modules-2\files-2.1\com.fasterxml.jackson.datatype\jackson-datatype-jsr310\2.17.3\a25fe2f5607fea9e00ed00cf81b7aa2eaacbbd6e\jackson-datatype-jsr310-2.17.3.jar;C:\Users\LG\.gradle\caches\modules-2\files-2.1\com.fasterxml.jackson.module\jackson-module-parameter-names\2.17.3\41feb893351163ee5b395358e5fe1404cd1c432d\jackson-module-parameter-names-2.17.3.jar;C:\Users\LG\.gradle\caches\modules-2\files-2.1\com.fasterxml.jackson.datatype\jackson-datatype-jdk8\2.17.3\2b8b1894dc9798e761bd565df51ef1fc44c75a2a\jackson-datatype-jdk8-2.17.3.jar;C:\Users\LG\.gradle\caches\modules-2\files-2.1\com.fasterxml.jackson.core\jackson-databind\2.17.3\42c617beb411ee813bdc39a287424bfb19d99185\jackson-databind-2.17.3.jar;C:\Users\LG\.gradle\caches\modules-2\files-2.1\org.apache.tomcat.embed\tomcat-embed-websocket\10.1.40\ffdcf96aa28e77858644f4db100e8de896ba58e3\tomcat-embed-websocket-10.1.40.jar;C:\Users\LG\.gradle\caches\modules-2\files-2.1\org.apache.tomcat.embed\tomcat-embed-core\10.1.40\fc1c09b726336dc6f7dde0408cebb1a56a3a28d3\tomcat-embed-core-10.1.40.jar;C:\Users\LG\.gradle\caches\modules-2\files-2.1\org.springframework\spring-context\6.1.19\929524186bc9c5997e4a1d8f563c7ca4ae60a7\spring-context-6.1.19.jar;C:\Users\LG\.gradle\caches\modules-2\files-2.1\org.springframework\spring-aop\6.1.19\c18d675301d0e03ecc6253384deafb6ad01824d6\spring-aop-6.1.19.jar;C:\Users\LG\.gradle\caches\modules-2\files-2.1\org.springframework\spring-beans\6.1.19\5350f570eb1a31a42a4afa31ff1292b0c61e2b25\spring-beans-6.1.19.jar;C:\Users\LG\.gradle\caches\modules-2\files-2.1\org.springframework\spring-expression\6.1.19\8ee244869051ec640e1cdbf94b7138273535d528\spring-expression-6.1.19.jar;C:\Users\LG\.gradle\caches\modules-2\files-2.1\io.micrometer\micrometer-observation\1.13.13\8f5dcc8e44120ac65f53cf79581ca8894c560c5b\micrometer-observation-1.13.13.jar;C:\Users\LG\.gradle\caches\modules-2\files-2.1\org.aspectj\aspectjweaver\1.9.24\9b5aeb0cea9f958b9c57fb80e62996e95a3e9379\aspectjweaver-1.9.24.jar;C:\Users\LG\.gradle\caches\modules-2\files-2.1\org.springframework\spring-jdbc\6.1.19\cdf1b653ef8e605f76d843fdff7a6dd950e5392e\spring-jdbc-6.1.19.jar;C:\Users\LG\.gradle\caches\modules-2\files-2.1\com.zaxxer\HikariCP\5.1.0\8c96e36c14461fc436bb02b264b96ef3ca5dca8c\HikariCP-5.1.0.jar;C:\Users\LG\.gradle\caches\modules-2\files-2.1\jakarta.persistence\jakarta.persistence-api\3.1.0\66901fa1c373c6aff65c13791cc11da72060a8d6\jakarta.persistence-api-3.1.0.jar;C:\Users\LG\.gradle\caches\modules-2\files-2.1\jakarta.transaction\jakarta.transaction-api\2.0.1\51a520e3fae406abb84e2e1148e6746ce3f80a1a\jakarta.transaction-api-2.0.1.jar;C:\Users\LG\.gradle\caches\modules-2\files-2.1\org.springframework\spring-orm\6.1.19\adf66eeb5561380baacbe14ea6a0a84040f50299\spring-orm-6.1.19.jar;C:\Users\LG\.gradle\caches\modules-2\files-2.1\org.springframework.data\spring-data-commons\3.3.11\783c755c31a841accb7246eb955fd9ffb60419eb\spring-data-commons-3.3.11.jar;C:\Users\LG\.gradle\caches\modules-2\files-2.1\org.springframework\spring-tx\6.1.19\ae8b4bfa105406d4902481b1a5ab0742f8027d97\spring-tx-6.1.19.jar;C:\Users\LG\.gradle\caches\modules-2\files-2.1\org.antlr\antlr4-runtime\4.13.0\5a02e48521624faaf5ff4d99afc88b01686af655\antlr4-runtime-4.13.0.jar;C:\Users\LG\.gradle\caches\modules-2\files-2.1\jakarta.validation\jakarta.validation-api\3.0.2\92b6631659ba35ca09e44874d3eb936edfeee532\jakarta.validation-api-3.0.2.jar;C:\Users\LG\.gradle\caches\modules-2\files-2.1\org.jboss.logging\jboss-logging\3.5.3.Final\c88fc1d8a96d4c3491f55d4317458ccad53ca663\jboss-logging-3.5.3.Final.jar;C:\Users\LG\.gradle\caches\modules-2\files-2.1\com.fasterxml\classmate\1.7.0\e98374da1f2143ac8e6e0a95036994bb19137a3\classmate-1.7.0.jar;C:\Users\LG\.gradle\caches\modules-2\files-2.1\ch.qos.logback\logback-classic\1.5.18\fc371f3fc97a639de2d67947cffb7518ec5e3d40\logback-classic-1.5.18.jar;C:\Users\LG\.gradle\caches\modules-2\files-2.1\org.apache.logging.log4j\log4j-to-slf4j\2.23.1\425ad1eb8a39904d2830e907a324e956fb456520\log4j-to-slf4j-2.23.1.jar;C:\Users\LG\.gradle\caches\modules-2\files-2.1\org.slf4j\jul-to-slf4j\2.0.17\524cb6ccc2b68a57604750e1ab8b13b5a786a6aa\jul-to-slf4j-2.0.17.jar;C:\Users\LG\.gradle\caches\modules-2\files-2.1\org.springframework\spring-jcl\6.1.19\98241467bb50cedcb94cccd540002349499dc3ac\spring-jcl-6.1.19.jar;C:\Users\LG\.gradle\caches\modules-2\files-2.1\org.attoparser\attoparser\2.0.7.RELEASE\e5d0e988d9124139d645bb5872b24dfa23e283cc\attoparser-2.0.7.RELEASE.jar;C:\Users\LG\.gradle\caches\modules-2\files-2.1\org.unbescape\unbescape\1.1.6.RELEASE\7b90360afb2b860e09e8347112800d12c12b2a13\unbescape-1.1.6.RELEASE.jar;C:\Users\LG\.gradle\caches\modules-2\files-2.1\com.fasterxml.jackson.core\jackson-annotations\2.17.3\4f30a05d2eee0ab700cdc27aa5967e934d3042b2\jackson-annotations-2.17.3.jar;C:\Users\LG\.gradle\caches\modules-2\files-2.1\com.fasterxml.jackson.core\jackson-core\2.17.3\1d6eb3e959c737692b720d3492b2f1f34c4c8579\jackson-core-2.17.3.jar;C:\Users\LG\.gradle\caches\modules-2\files-2.1\io.micrometer\micrometer-commons\1.13.13\9fa147a70b0fbc237bd0ce9ec2a2fa9b33bc7bd7\micrometer-commons-1.13.13.jar;C:\Users\LG\.gradle\caches\modules-2\files-2.1\ch.qos.logback\logback-core\1.5.18\6c0375624f6f36b4e089e2488ba21334a11ef13f\logback-core-1.5.18.jar;C:\Users\LG\.gradle\caches\modules-2\files-2.1\org.apache.logging.log4j\log4j-api\2.23.1\9c15c29c526d9c6783049c0a77722693c66706e1\log4j-api-2.23.1.jar;C:\Users\LG\.gradle\caches\modules-2\files-2.1\com.h2database\h2\2.2.224\7bdade27d8cd197d9b5ce9dc251f41d2edc5f7ad\h2-2.2.224.jar;C:\Users\LG\.gradle\caches\modules-2\files-2.1\org.hibernate.common\hibernate-commons-annotations\6.0.6.Final\77a5f94b56d49508e0ee334751db5b78e5ccd50c\hibernate-commons-annotations-6.0.6.Final.jar;C:\Users\LG\.gradle\caches\modules-2\files-2.1\io.smallrye\jandex\3.1.2\a6c1c89925c7df06242b03dddb353116ceb9584c\jandex-3.1.2.jar;C:\Users\LG\.gradle\caches\modules-2\files-2.1\net.bytebuddy\byte-buddy\1.14.19\4c0c637b8f47dc08f89240e6f59900011752c97b\byte-buddy-1.14.19.jar;C:\Users\LG\.gradle\caches\modules-2\files-2.1\org.glassfish.jaxb\jaxb-runtime\4.0.5\ca84c2a7169b5293e232b9d00d1e4e36d4c3914a\jaxb-runtime-4.0.5.jar;C:\Users\LG\.gradle\caches\modules-2\files-2.1\jakarta.xml.bind\jakarta.xml.bind-api\4.0.2\6cd5a999b834b63238005b7144136379dc36cad2\jakarta.xml.bind-api-4.0.2.jar;C:\Users\LG\.gradle\caches\modules-2\files-2.1\jakarta.inject\jakarta.inject-api\2.0.1\4c28afe1991a941d7702fe1362c365f0a8641d1e\jakarta.inject-api-2.0.1.jar;C:\Users\LG\.gradle\caches\modules-2\files-2.1\org.glassfish.jaxb\jaxb-core\4.0.5\7b4b11ea5542eea4ad55e1080b23be436795b3\jaxb-core-4.0.5.jar;C:\Users\LG\.gradle\caches\modules-2\files-2.1\jakarta.activation\jakarta.activation-api\2.1.3\fa165bd70cda600368eee31555222776a46b881f\jakarta.activation-api-2.1.3.jar;C:\Users\LG\.gradle\caches\modules-2\files-2.1\org.eclipse.angus\angus-activation\2.0.2\41f1e0ddd157c856926ed149ab837d110955a9fc\angus-activation-2.0.2.jar;C:\Users\LG\.gradle\caches\modules-2\files-2.1\org.glassfish.jaxb\txw2\4.0.5\f36a4ef12120a9bb06d766d6a0e54b144fd7ed98\txw2-4.0.5.jar;C:\Users\LG\.gradle\caches\modules-2\files-2.1\com.sun.istack\istack-commons-runtime\4.1.2\18ec117c85f3ba0ac65409136afa8e42bc74e739\istack-commons-runtime-4.1.2.jar
Launcher Type: SUN_STANDARD

[Global flags]
     intx CICompilerCount                          = 4                                         {product} {ergonomic}
     uint ConcGCThreads                            = 2                                         {product} {ergonomic}
     uint G1ConcRefinementThreads                  = 8                                         {product} {ergonomic}
   size_t G1HeapRegionSize                         = 1048576                                   {product} {ergonomic}
    uintx GCDrainStackTargetSize                   = 64                                        {product} {ergonomic}
   size_t InitialHeapSize                          = 130023424                                 {product} {ergonomic}
     bool ManagementServer                         = true                                      {product} {command line}
   size_t MarkStackSize                            = 4194304                                   {product} {ergonomic}
   size_t MaxHeapSize                              = 2080374784                                {product} {ergonomic}
   size_t MinHeapDeltaBytes                        = 1048576                                   {product} {ergonomic}
   size_t MinHeapSize                              = 8388608                                   {product} {ergonomic}
    uintx NonNMethodCodeHeapSize                   = 4096                                   {pd product} {ergonomic}
    uintx NonProfiledCodeHeapSize                  = 0                                      {pd product} {ergonomic}
     bool ProfileInterpreter                       = false                                  {pd product} {command line}
    uintx ProfiledCodeHeapSize                     = 0                                      {pd product} {ergonomic}
   size_t SoftMaxHeapSize                          = 2080374784                             {manageable} {ergonomic}
     intx TieredStopAtLevel                        = 1                                         {product} {command line}
     bool UseCompressedOops                        = true                           {product lp64_product} {ergonomic}
     bool UseG1GC                                  = true                                      {product} {ergonomic}
     bool UseLargePagesIndividualAllocation        = false                                  {pd product} {ergonomic}

Logging:
Log output configuration:
 #0: stdout all=warning uptime,level,tags foldmultilines=false
 #1: stderr all=off uptime,level,tags foldmultilines=false

Environment Variables:
JAVA_HOME=C:\Users\LG\.jdks\corretto-17.0.7
CLASSPATH=C:\Users\LG\.jdks\corretto-17.0.7\lib
PATH=C:\Users\LG\.jdks\corretto-17.0.7\bin;C:\Windows\system32;C:\Windows;C:\Windows\System32\Wbem;C:\Windows\System32\WindowsPowerShell\v1.0\;C:\Windows\System32\OpenSSH\;C:\Program Files (x86)\NVIDIA Corporation\PhysX\Common;C:\Program Files\NVIDIA Corporation\NVIDIA NvDLISR;C:\Program Files\jdk-17.0.7\bin;;C:\WINDOWS\system32;C:\WINDOWS;C:\WINDOWS\System32\Wbem;C:\WINDOWS\System32\WindowsPowerShell\v1.0\;C:\WINDOWS\System32\OpenSSH\;C:\Program Files\nodejs\;C:\Users\LG\AppData\Local\Microsoft\WindowsApps;;C:\Users\LG\AppData\Local\Programs\Microsoft VS Code\bin;C:\Users\LG\AppData\Roaming\npm
USERNAME=LG
OS=Windows_NT
PROCESSOR_IDENTIFIER=Intel64 Family 6 Model 140 Stepping 1, GenuineIntel
TMP=C:\Users\LG\AppData\Local\Temp
TEMP=C:\Users\LG\AppData\Local\Temp




Periodic native trim disabled

---------------  S Y S T E M  ---------------

OS:
 Windows 11 , 64 bit Build 22621 (10.0.22621.5124)
OS uptime: 20 days 18:59 hours

CPU: total 8 (initial active 8) (4 cores per cpu, 2 threads per core) family 6 model 140 stepping 1 microcode 0x6e, cx8, cmov, fxsr, ht, mmx, 3dnowpref, sse, sse2, sse3, ssse3, sse4.1, sse4.2, popcnt, lzcnt, tsc, tscinvbit, avx, avx2, aes, erms, clmul, bmi1, bmi2, adx, avx512f, avx512dq, avx512cd, avx512bw, avx512vl, sha, fma, vzeroupper, avx512_vpopcntdq, avx512_vpclmulqdq, avx512_vaes, avx512_vnni, clflush, clflushopt, clwb, avx512_vbmi2, avx512_vbmi, rdtscp, rdpid, fsrm, gfni, avx512_bitalg, f16c, pku, cet_ibt, cet_ss, avx512_ifma
Processor Information for all 8 processors :
  Max Mhz: 2803, Current Mhz: 2803, Mhz Limit: 2803

Memory: 4k page, system-wide physical 7932M (527M free)
TotalPageFile size 32508M (AvailPageFile size 80M)
current process WorkingSet (physical memory assigned to process): 11M, peak: 11M
current process commit charge ("private bytes"): 55M, peak: 179M

vm_info: OpenJDK 64-Bit Server VM (21.0.2+13-58) for windows-amd64 JRE (21.0.2+13-58), built on 2024-01-05T18:32:24Z by "mach5one" with MS VC++ 17.1 (VS2022)

END.
