#
# There is insufficient memory for the Java Runtime Environment to continue.
# Native memory allocation (mmap) failed to map 130023424 bytes for G1 virtual space
# Possible reasons:
#   The system is out of physical RAM or swap space
#   The process is running with CompressedOops enabled, and the Java Heap may be blocking the growth of the native heap
# Possible solutions:
#   Reduce memory load on the system
#   Increase physical memory or swap space
#   Check if swap backing store is full
#   Decrease Java heap size (-Xmx/-Xms)
#   Decrease number of Java threads
#   Decrease Java thread stack sizes (-Xss)
#   Set larger code cache with -XX:ReservedCodeCacheSize=
#   JVM is running with Unscaled Compressed Oops mode in which the Java heap is
#     placed in the first 4GB address space. The Java Heap base address is the
#     maximum limit for the native heap growth. Please use -XX:HeapBaseMinAddress
#     to set the Java Heap base and to place the Java Heap above 4GB virtual address.
# This output file may be truncated or incomplete.
#
#  Out of Memory Error (os_windows.cpp:3559), pid=41884, tid=35724
#
# JRE version:  (17.0.7+7) (build )
# Java VM: OpenJDK 64-Bit Server VM (17.0.7+7-LTS, mixed mode, emulated-client, sharing, tiered, compressed oops, compressed class ptrs, g1 gc, windows-amd64)
# No core dump will be written. Minidumps are not enabled by default on client versions of Windows
#

---------------  S U M M A R Y ------------

Command Line: -XX:TieredStopAtLevel=1 -Dspring.output.ansi.enabled=always -Dcom.sun.management.jmxremote -Dspring.jmx.enabled=true -Dspring.liveBeansView.mbeanDomain -Dspring.application.admin.enabled=true -Dmanagement.endpoints.jmx.exposure.include=* -javaagent:C:\Program Files\JetBrains\IntelliJ IDEA 2022.3.2\lib\idea_rt.jar=58452 -Dfile.encoding=UTF-8 hpbao.WellnessPlatformApplication

Host: 11th Gen Intel(R) Core(TM) i7-1165G7 @ 2.80GHz, 8 cores, 7G,  Windows 11 , 64 bit Build 22621 (10.0.22621.5124)
Time: Thu May 15 22:18:35 2025  Windows 11 , 64 bit Build 22621 (10.0.22621.5124) elapsed time: 0.030286 seconds (0d 0h 0m 0s)

---------------  T H R E A D  ---------------

Current thread (0x0000026d49e26a10):  JavaThread "Unknown thread" [_thread_in_vm, id=35724, stack(0x000000dedbe00000,0x000000dedbf00000)]

Stack: [0x000000dedbe00000,0x000000dedbf00000]
Native frames: (J=compiled Java code, j=interpreted, Vv=VM code, C=native code)
V  [jvm.dll+0x64b53a]
V  [jvm.dll+0x7fef54]
V  [jvm.dll+0x80070e]
V  [jvm.dll+0x800d63]
V  [jvm.dll+0x236a2b]
V  [jvm.dll+0x64843a]
V  [jvm.dll+0x63ce8a]
V  [jvm.dll+0x2f5629]
V  [jvm.dll+0x2fc826]
V  [jvm.dll+0x348eea]
V  [jvm.dll+0x34912f]
V  [jvm.dll+0x2cb9a8]
V  [jvm.dll+0x2cc939]
V  [jvm.dll+0x7d2cd1]
V  [jvm.dll+0x3563c1]
V  [jvm.dll+0x7b32ae]
V  [jvm.dll+0x3d38d3]
V  [jvm.dll+0x3d52c1]
C  [jli.dll+0x51bf]
C  [ucrtbase.dll+0x29333]
C  [KERNEL32.DLL+0x1259d]
C  [ntdll.dll+0x5af38]


---------------  P R O C E S S  ---------------

Threads class SMR info:
_java_thread_list=0x00007ffc743dc858, length=0, elements={
}

Java Threads: ( => current thread )

Other Threads:
  0x0000026d49e7ff90 GCTaskThread "GC Thread#0" [stack: 0x000000dedbf00000,0x000000dedc000000] [id=46240]
  0x0000026d47d9dda0 ConcurrentGCThread "G1 Main Marker" [stack: 0x000000dedc000000,0x000000dedc100000] [id=51128]
  0x0000026d47d9e7b0 ConcurrentGCThread "G1 Conc#0" [stack: 0x000000dedc100000,0x000000dedc200000] [id=51256]

[error occurred during error reporting (printing all threads), id 0xc0000005, EXCEPTION_ACCESS_VIOLATION (0xc0000005) at pc=0x00007ffc73bccc47]

VM state: not at safepoint (not fully initialized)

VM Mutex/Monitor currently owned by a thread:  ([mutex/lock_event])
[0x0000026d49e22600] Heap_lock - owner thread: 0x0000026d49e26a10

Heap address: 0x0000000084000000, size: 1984 MB, Compressed Oops mode: 32-bit

CDS archive(s) mapped at: [0x0000000000000000-0x0000000000000000-0x0000000000000000), size 0, SharedBaseAddress: 0x0000000800000000, ArchiveRelocationMode: 0.
Narrow klass base: 0x0000000000000000, Narrow klass shift: 0, Narrow klass range: 0x0

GC Precious Log:
<Empty>

Heap:
 garbage-first heap   total 0K, used 0K [0x0000000084000000, 0x0000000100000000)
  region size 1024K, 0 young (0K), 0 survivors (0K)

[error occurred during error reporting (printing heap information), id 0xc0000005, EXCEPTION_ACCESS_VIOLATION (0xc0000005) at pc=0x00007ffc73f93419]

GC Heap History (0 events):
No events

Dll operation events (1 events):
Event: 0.018 Loaded shared library C:\Users\LG\.jdks\corretto-17.0.7\bin\java.dll

Deoptimization events (0 events):
No events

Classes unloaded (0 events):
No events

Classes redefined (0 events):
No events

Internal exceptions (0 events):
No events

VM Operations (0 events):
No events

Events (0 events):
No events


Dynamic libraries:
0x00007ff76fc70000 - 0x00007ff76fc7d000 	C:\Users\LG\.jdks\corretto-17.0.7\bin\java.exe
0x00007ffd317b0000 - 0x00007ffd319c7000 	C:\WINDOWS\SYSTEM32\ntdll.dll
0x00007ffd30220000 - 0x00007ffd302e4000 	C:\WINDOWS\System32\KERNEL32.DLL
0x00007ffd2ed10000 - 0x00007ffd2f0e3000 	C:\WINDOWS\System32\KERNELBASE.dll
0x00007ffd28320000 - 0x00007ffd283b7000 	C:\WINDOWS\SYSTEM32\apphelp.dll
0x00007ffd2eb70000 - 0x00007ffd2ec81000 	C:\WINDOWS\System32\ucrtbase.dll
0x00007ffcfd0b0000 - 0x00007ffcfd0c7000 	C:\Users\LG\.jdks\corretto-17.0.7\bin\jli.dll
0x00007ffd01e40000 - 0x00007ffd01e55000 	C:\Users\LG\.jdks\corretto-17.0.7\bin\VCRUNTIME140.dll
0x00007ffd303d0000 - 0x00007ffd30581000 	C:\WINDOWS\System32\USER32.dll
0x00007ffd2f380000 - 0x00007ffd2f3a6000 	C:\WINDOWS\System32\win32u.dll
0x00007ffd30d40000 - 0x00007ffd30d69000 	C:\WINDOWS\System32\GDI32.dll
0x00007ffd2f260000 - 0x00007ffd2f37b000 	C:\WINDOWS\System32\gdi32full.dll
0x00007ffd2f3b0000 - 0x00007ffd2f44a000 	C:\WINDOWS\System32\msvcp_win.dll
0x00007ffd18800000 - 0x00007ffd18a98000 	C:\WINDOWS\WinSxS\amd64_microsoft.windows.common-controls_6595b64144ccf1df_6.0.22621.5124_none_270e8f4f7386d69d\COMCTL32.dll
0x00007ffd2f830000 - 0x00007ffd2f8d7000 	C:\WINDOWS\System32\msvcrt.dll
0x00007ffd2fe80000 - 0x00007ffd2feb1000 	C:\WINDOWS\System32\IMM32.DLL
0x00007ffcd6220000 - 0x00007ffcd62bb000 	C:\Users\LG\.jdks\corretto-17.0.7\bin\msvcp140.dll
0x00007ffc738f0000 - 0x00007ffc7450a000 	C:\Users\LG\.jdks\corretto-17.0.7\bin\server\jvm.dll
0x00007ffd2fce0000 - 0x00007ffd2fd91000 	C:\WINDOWS\System32\ADVAPI32.dll
0x00007ffd30590000 - 0x00007ffd30638000 	C:\WINDOWS\System32\sechost.dll
0x00007ffd2f230000 - 0x00007ffd2f258000 	C:\WINDOWS\System32\bcrypt.dll
0x00007ffd30100000 - 0x00007ffd30214000 	C:\WINDOWS\System32\RPCRT4.dll
0x00007ffd2c170000 - 0x00007ffd2c1a4000 	C:\WINDOWS\SYSTEM32\WINMM.dll
0x00007ffd28860000 - 0x00007ffd2886a000 	C:\WINDOWS\SYSTEM32\VERSION.dll
0x00007ffd1a940000 - 0x00007ffd1a949000 	C:\WINDOWS\SYSTEM32\WSOCK32.dll
0x00007ffd2fe00000 - 0x00007ffd2fe71000 	C:\WINDOWS\System32\WS2_32.dll
0x00007ffd2d9e0000 - 0x00007ffd2d9f8000 	C:\WINDOWS\SYSTEM32\kernel.appcore.dll
0x00007ffd0e8b0000 - 0x00007ffd0e8ba000 	C:\Users\LG\.jdks\corretto-17.0.7\bin\jimage.dll
0x00007ffd2bef0000 - 0x00007ffd2c122000 	C:\WINDOWS\SYSTEM32\DBGHELP.DLL
0x00007ffd2f940000 - 0x00007ffd2fcd2000 	C:\WINDOWS\System32\combase.dll
0x00007ffd302f0000 - 0x00007ffd303c7000 	C:\WINDOWS\System32\OLEAUT32.dll
0x00007ffd2beb0000 - 0x00007ffd2bee2000 	C:\WINDOWS\SYSTEM32\dbgcore.DLL
0x00007ffd2eaf0000 - 0x00007ffd2eb6b000 	C:\WINDOWS\System32\bcryptPrimitives.dll
0x00007ffd28c80000 - 0x00007ffd28c8e000 	C:\Users\LG\.jdks\corretto-17.0.7\bin\instrument.dll
0x00007ffcf82d0000 - 0x00007ffcf82f5000 	C:\Users\LG\.jdks\corretto-17.0.7\bin\java.dll

dbghelp: loaded successfully - version: 4.0.5 - missing functions: none
symbol engine: initialized successfully - sym options: 0x614 - pdb path: .;C:\Users\LG\.jdks\corretto-17.0.7\bin;C:\WINDOWS\SYSTEM32;C:\WINDOWS\WinSxS\amd64_microsoft.windows.common-controls_6595b64144ccf1df_6.0.22621.5124_none_270e8f4f7386d69d;C:\Users\LG\.jdks\corretto-17.0.7\bin\server

VM Arguments:
jvm_args: -XX:TieredStopAtLevel=1 -Dspring.output.ansi.enabled=always -Dcom.sun.management.jmxremote -Dspring.jmx.enabled=true -Dspring.liveBeansView.mbeanDomain -Dspring.application.admin.enabled=true -Dmanagement.endpoints.jmx.exposure.include=* -javaagent:C:\Program Files\JetBrains\IntelliJ IDEA 2022.3.2\lib\idea_rt.jar=58452 -Dfile.encoding=UTF-8 
java_command: hpbao.WellnessPlatformApplication
java_class_path (initial): C:\Users\LG\Documents\프로젝트\Hpbao\wellness-platform\out\production\classes;C:\Users\LG\Documents\프로젝트\Hpbao\wellness-platform\out\production\resources;C:\Users\LG\.gradle\caches\modules-2\files-2.1\org.projectlombok\lombok\1.18.28\a2ff5da8bcd8b1b26f36b806ced63213362c6dcc\lombok-1.18.28.jar;C:\Users\LG\.gradle\caches\modules-2\files-2.1\org.springframework.boot\spring-boot-starter-thymeleaf\3.1.2\177cb8b744ae3556d79e01121e3d1b34b29c0178\spring-boot-starter-thymeleaf-3.1.2.jar;C:\Users\LG\.gradle\caches\modules-2\files-2.1\org.springframework.boot\spring-boot-starter-web\3.1.2\30b824817e764a5a5a1e9fb46e7ace40bcfa3185\spring-boot-starter-web-3.1.2.jar;C:\Users\LG\.gradle\caches\modules-2\files-2.1\org.springframework.boot\spring-boot-starter-data-jpa\3.1.2\a37d54373b11d2de70dfb8bcd6612dc63787f4a8\spring-boot-starter-data-jpa-3.1.2.jar;C:\Users\LG\.gradle\caches\modules-2\files-2.1\org.springframework.boot\spring-boot-starter-validation\3.1.2\1e2f4bdd1913af954d3a929e692807cb3a19b0b4\spring-boot-starter-validation-3.1.2.jar;C:\Users\LG\.gradle\caches\modules-2\files-2.1\org.springframework.boot\spring-boot-starter\3.1.2\c09a48df6fbc2b07b7aef1256b45260a3478b49f\spring-boot-starter-3.1.2.jar;C:\Users\LG\.gradle\caches\modules-2\files-2.1\org.thymeleaf\thymeleaf-spring6\3.1.1.RELEASE\deb52ef921a4ac5132fedb7ebfc2bc1dad4382b3\thymeleaf-spring6-3.1.1.RELEASE.jar;C:\Users\LG\.gradle\caches\modules-2\files-2.1\org.springframework.boot\spring-boot-starter-json\3.1.2\c48d521879dbbcebe1a99f47257612968e022f5b\spring-boot-starter-json-3.1.2.jar;C:\Users\LG\.gradle\caches\modules-2\files-2.1\org.springframework.boot\spring-boot-starter-tomcat\3.1.2\2e7284f8ecf2989e1a6ffc7faf964eccb309bfd4\spring-boot-starter-tomcat-3.1.2.jar;C:\Users\LG\.gradle\caches\modules-2\files-2.1\org.springframework\spring-webmvc\6.0.11\892b4a63b5d930c2c43058c6db0c2c65401fb078\spring-webmvc-6.0.11.jar;C:\Users\LG\.gradle\caches\modules-2\files-2.1\org.springframework\spring-
Launcher Type: SUN_STANDARD

[Global flags]
     intx CICompilerCount                          = 4                                         {product} {ergonomic}
     uint ConcGCThreads                            = 2                                         {product} {ergonomic}
     uint G1ConcRefinementThreads                  = 8                                         {product} {ergonomic}
   size_t G1HeapRegionSize                         = 1048576                                   {product} {ergonomic}
    uintx GCDrainStackTargetSize                   = 64                                        {product} {ergonomic}
   size_t InitialHeapSize                          = 130023424                                 {product} {ergonomic}
     bool ManagementServer                         = true                                      {product} {command line}
   size_t MarkStackSize                            = 4194304                                   {product} {ergonomic}
   size_t MaxHeapSize                              = 2080374784                                {product} {ergonomic}
   size_t MinHeapDeltaBytes                        = 1048576                                   {product} {ergonomic}
   size_t MinHeapSize                              = 8388608                                   {product} {ergonomic}
    uintx NonProfiledCodeHeapSize                  = 0                                      {pd product} {ergonomic}
     bool ProfileInterpreter                       = false                                  {pd product} {command line}
    uintx ProfiledCodeHeapSize                     = 0                                      {pd product} {ergonomic}
   size_t SoftMaxHeapSize                          = 2080374784                             {manageable} {ergonomic}
     intx TieredStopAtLevel                        = 1                                         {product} {command line}
     bool UseCompressedClassPointers               = true                           {product lp64_product} {ergonomic}
     bool UseCompressedOops                        = true                           {product lp64_product} {ergonomic}
     bool UseG1GC                                  = true                                      {product} {ergonomic}
     bool UseLargePagesIndividualAllocation        = false                                  {pd product} {ergonomic}

Logging:
Log output configuration:
 #0: stdout all=warning uptime,level,tags
 #1: stderr all=off uptime,level,tags

Environment Variables:
JAVA_HOME=C:\Users\LG\.jdks\corretto-17.0.7
CLASSPATH=C:\Users\LG\.jdks\corretto-17.0.7\lib
PATH=C:\Users\LG\.jdks\corretto-17.0.7\bin;C:\Windows\system32;C:\Windows;C:\Windows\System32\Wbem;C:\Windows\System32\WindowsPowerShell\v1.0\;C:\Windows\System32\OpenSSH\;C:\Program Files (x86)\NVIDIA Corporation\PhysX\Common;C:\Program Files\NVIDIA Corporation\NVIDIA NvDLISR;C:\Program Files\jdk-17.0.7\bin;;C:\WINDOWS\system32;C:\WINDOWS;C:\WINDOWS\System32\Wbem;C:\WINDOWS\System32\WindowsPowerShell\v1.0\;C:\WINDOWS\System32\OpenSSH\;C:\Program Files\nodejs\;C:\Users\LG\AppData\Local\Microsoft\WindowsApps;;C:\Users\LG\AppData\Local\Programs\Microsoft VS Code\bin;C:\Users\LG\AppData\Roaming\npm
USERNAME=LG
OS=Windows_NT
PROCESSOR_IDENTIFIER=Intel64 Family 6 Model 140 Stepping 1, GenuineIntel
TMP=C:\Users\LG\AppData\Local\Temp
TEMP=C:\Users\LG\AppData\Local\Temp



---------------  S Y S T E M  ---------------

OS:
 Windows 11 , 64 bit Build 22621 (10.0.22621.5124)
OS uptime: 20 days 16:46 hours

CPU: total 8 (initial active 8) (4 cores per cpu, 2 threads per core) family 6 model 140 stepping 1 microcode 0x6e, cx8, cmov, fxsr, ht, mmx, 3dnowpref, sse, sse2, sse3, ssse3, sse4.1, sse4.2, popcnt, lzcnt, tsc, tscinvbit, avx, avx2, aes, erms, clmul, bmi1, bmi2, adx, avx512f, avx512dq, avx512cd, avx512bw, avx512vl, sha, fma, vzeroupper, avx512_vpopcntdq, avx512_vpclmulqdq, avx512_vaes, avx512_vnni, clflush, clflushopt, clwb, avx512_vbmi2, avx512_vbmi

Memory: 4k page, system-wide physical 7932M (373M free)
TotalPageFile size 32508M (AvailPageFile size 125M)
current process WorkingSet (physical memory assigned to process): 12M, peak: 12M
current process commit charge ("private bytes"): 55M, peak: 179M

vm_info: OpenJDK 64-Bit Server VM (17.0.7+7-LTS) for windows-amd64 JRE (17.0.7+7-LTS), built on Apr 14 2023 01:39:21 by "Administrator" with MS VC++ 15.9 (VS2017)

END.
